#
# There is insufficient memory for the Java Runtime Environment to continue.
# Native memory allocation (malloc) failed to allocate 1888656 bytes for Chunk::new
# Possible reasons:
#   The system is out of physical RAM or swap space
#   The process is running with CompressedOops enabled, and the Java Heap may be blocking the growth of the native heap
# Possible solutions:
#   Reduce memory load on the system
#   Increase physical memory or swap space
#   Check if swap backing store is full
#   Decrease Java heap size (-Xmx/-Xms)
#   Decrease number of Java threads
#   Decrease Java thread stack sizes (-Xss)
#   Set larger code cache with -XX:ReservedCodeCacheSize=
#   JVM is running with Unscaled Compressed Oops mode in which the Java heap is
#     placed in the first 4GB address space. The Java Heap base address is the
#     maximum limit for the native heap growth. Please use -XX:HeapBaseMinAddress
#     to set the Java Heap base and to place the Java Heap above 4GB virtual address.
# This output file may be truncated or incomplete.
#
#  Out of Memory Error (arena.cpp:189), pid=5960, tid=528
#
# JRE version: Java(TM) SE Runtime Environment (17.0.12+8) (build 17.0.12+8-LTS-286)
# Java VM: Java HotSpot(TM) 64-Bit Server VM (17.0.12+8-LTS-286, mixed mode, sharing, tiered, compressed oops, compressed class ptrs, g1 gc, windows-amd64)
# No core dump will be written. Minidumps are not enabled by default on client versions of Windows
#

---------------  S U M M A R Y ------------

Command Line: -agentlib:jdwp=transport=dt_socket,server=n,address=57442 vPerez.ProgramacionNCapasNov2025.ProgramacionNCapasNov2025Application

Host: AMD Ryzen 3 4300U with Radeon Graphics         , 4 cores, 7G,  Windows 10 , 64 bit Build 19041 (10.0.19041.5915)
Time: Wed Dec 31 15:47:37 2025 Hora estándar central (México) elapsed time: 9.512102 seconds (0d 0h 0m 9s)

---------------  T H R E A D  ---------------

Current thread (0x000001f4a629d1a0):  JavaThread "C2 CompilerThread0" daemon [_thread_in_native, id=528, stack(0x0000001f82600000,0x0000001f82700000)]


Current CompileTask:
C2:   9512 5102       4       java.lang.invoke.MethodType::makeImpl (109 bytes)

Stack: [0x0000001f82600000,0x0000001f82700000]
Native frames: (J=compiled Java code, j=interpreted, Vv=VM code, C=native code)
V  [jvm.dll+0x67a04a]
V  [jvm.dll+0x7da4ed]
V  [jvm.dll+0x7dbe33]
V  [jvm.dll+0x7dc4a3]
V  [jvm.dll+0x24508f]
V  [jvm.dll+0xab773]
V  [jvm.dll+0xabd3c]
V  [jvm.dll+0x361b9f]
V  [jvm.dll+0x32c431]
V  [jvm.dll+0x32b8ca]
V  [jvm.dll+0x21683f]
V  [jvm.dll+0x215c6f]
V  [jvm.dll+0x1a2960]
V  [jvm.dll+0x22610b]
V  [jvm.dll+0x2242ab]
V  [jvm.dll+0x79075c]
V  [jvm.dll+0x78abea]
V  [jvm.dll+0x678f35]
C  [ucrtbase.dll+0x21bb2]
C  [KERNEL32.DLL+0x17374]
C  [ntdll.dll+0x4cc91]


---------------  P R O C E S S  ---------------

Threads class SMR info:
_java_thread_list=0x000001f4eef76140, length=24, elements={
0x000001f486fe4820, 0x000001f4a6280680, 0x000001f4a6281910, 0x000001f4a6298b30,
0x000001f4a6299d00, 0x000001f4a629acd0, 0x000001f4a629b690, 0x000001f4a629d1a0,
0x000001f4a629e800, 0x000001f4a62c2720, 0x000001f4a651aeb0, 0x000001f4a652b920,
0x000001f4a652e790, 0x000001f4a6537430, 0x000001f4a654a6b0, 0x000001f4ec736f00,
0x000001f4ec6fecb0, 0x000001f4ee128900, 0x000001f4ee128e10, 0x000001f4ee12b690,
0x000001f4ee12da00, 0x000001f4ee12c5c0, 0x000001f4ee12b180, 0x000001f4ee12cfe0
}

Java Threads: ( => current thread )
  0x000001f486fe4820 JavaThread "main" [_thread_blocked, id=4600, stack(0x0000001f81900000,0x0000001f81a00000)]
  0x000001f4a6280680 JavaThread "Reference Handler" daemon [_thread_blocked, id=12084, stack(0x0000001f82000000,0x0000001f82100000)]
  0x000001f4a6281910 JavaThread "Finalizer" daemon [_thread_blocked, id=13480, stack(0x0000001f82100000,0x0000001f82200000)]
  0x000001f4a6298b30 JavaThread "Signal Dispatcher" daemon [_thread_blocked, id=1768, stack(0x0000001f82200000,0x0000001f82300000)]
  0x000001f4a6299d00 JavaThread "Attach Listener" daemon [_thread_blocked, id=14136, stack(0x0000001f82300000,0x0000001f82400000)]
  0x000001f4a629acd0 JavaThread "Service Thread" daemon [_thread_blocked, id=7412, stack(0x0000001f82400000,0x0000001f82500000)]
  0x000001f4a629b690 JavaThread "Monitor Deflation Thread" daemon [_thread_blocked, id=11608, stack(0x0000001f82500000,0x0000001f82600000)]
=>0x000001f4a629d1a0 JavaThread "C2 CompilerThread0" daemon [_thread_in_native, id=528, stack(0x0000001f82600000,0x0000001f82700000)]
  0x000001f4a629e800 JavaThread "C1 CompilerThread0" daemon [_thread_blocked, id=2960, stack(0x0000001f82700000,0x0000001f82800000)]
  0x000001f4a62c2720 JavaThread "Sweeper thread" daemon [_thread_blocked, id=1292, stack(0x0000001f82800000,0x0000001f82900000)]
  0x000001f4a651aeb0 JavaThread "JDWP Transport Listener: dt_socket" daemon [_thread_blocked, id=7840, stack(0x0000001f82900000,0x0000001f82a00000)]
  0x000001f4a652b920 JavaThread "JDWP Event Helper Thread" daemon [_thread_blocked, id=4720, stack(0x0000001f82a00000,0x0000001f82b00000)]
  0x000001f4a652e790 JavaThread "JDWP Command Reader" daemon [_thread_in_native, id=13668, stack(0x0000001f82b00000,0x0000001f82c00000)]
  0x000001f4a6537430 JavaThread "Notification Thread" daemon [_thread_blocked, id=6820, stack(0x0000001f82c00000,0x0000001f82d00000)]
  0x000001f4a654a6b0 JavaThread "Common-Cleaner" daemon [_thread_blocked, id=1676, stack(0x0000001f82e00000,0x0000001f82f00000)]
  0x000001f4ec736f00 JavaThread "Thread-0" [_thread_blocked, id=4036, stack(0x0000001f83200000,0x0000001f83300000)]
  0x000001f4ec6fecb0 JavaThread "restartedMain" [_thread_in_vm, id=12976, stack(0x0000001f83300000,0x0000001f83400000)]
  0x000001f4ee128900 JavaThread "Catalina-utility-1" [_thread_blocked, id=3800, stack(0x0000001f83400000,0x0000001f83500000)]
  0x000001f4ee128e10 JavaThread "Catalina-utility-2" [_thread_blocked, id=8240, stack(0x0000001f83500000,0x0000001f83600000)]
  0x000001f4ee12b690 JavaThread "container-0" [_thread_blocked, id=5512, stack(0x0000001f83600000,0x0000001f83700000)]
  0x000001f4ee12da00 JavaThread "oracle.jdbc.diagnostics.Diagnostic.CLOCK" daemon [_thread_blocked, id=11800, stack(0x0000001f83700000,0x0000001f83800000)]
  0x000001f4ee12c5c0 JavaThread "oracle.jdbc.driver.BlockSource.ThreadedCachingBlockSource.BlockReleaser" daemon [_thread_blocked, id=13800, stack(0x0000001f83800000,0x0000001f83900000)]
  0x000001f4ee12b180 JavaThread "InterruptTimer" daemon [_thread_blocked, id=3328, stack(0x0000001f83a00000,0x0000001f83b00000)]
  0x000001f4ee12cfe0 JavaThread "OJDBC-WORKER-THREAD-1" daemon [_thread_blocked, id=8396, stack(0x0000001f83b00000,0x0000001f83c00000)]

Other Threads:
  0x000001f4a6278700 VMThread "VM Thread" [stack: 0x0000001f81f00000,0x0000001f82000000] [id=8304]
  0x000001f4a6537910 WatcherThread [stack: 0x0000001f82d00000,0x0000001f82e00000] [id=13856]
  0x000001f48703ab70 GCTaskThread "GC Thread#0" [stack: 0x0000001f81a00000,0x0000001f81b00000] [id=11580]
  0x000001f4ec2aa1a0 GCTaskThread "GC Thread#1" [stack: 0x0000001f82f00000,0x0000001f83000000] [id=4424]
  0x000001f4ec353af0 GCTaskThread "GC Thread#2" [stack: 0x0000001f83000000,0x0000001f83100000] [id=7952]
  0x000001f4ec353db0 GCTaskThread "GC Thread#3" [stack: 0x0000001f83100000,0x0000001f83200000] [id=12804]
  0x000001f48704a680 ConcurrentGCThread "G1 Main Marker" [stack: 0x0000001f81b00000,0x0000001f81c00000] [id=8144]
  0x000001f48704c0a0 ConcurrentGCThread "G1 Conc#0" [stack: 0x0000001f81c00000,0x0000001f81d00000] [id=4836]
  0x000001f4870a1f60 ConcurrentGCThread "G1 Refine#0" [stack: 0x0000001f81d00000,0x0000001f81e00000] [id=2268]
  0x000001f4870a2990 ConcurrentGCThread "G1 Service" [stack: 0x0000001f81e00000,0x0000001f81f00000] [id=14284]

Threads with active compile tasks:
C2 CompilerThread0     9522 5102       4       java.lang.invoke.MethodType::makeImpl (109 bytes)

VM state: not at safepoint (normal execution)

VM Mutex/Monitor currently owned by a thread: None

Heap address: 0x000000008a200000, size: 1886 MB, Compressed Oops mode: 32-bit

CDS archive(s) mapped at: [0x000001f4a7000000-0x000001f4a7bd0000-0x000001f4a7bd0000), size 12386304, SharedBaseAddress: 0x000001f4a7000000, ArchiveRelocationMode: 1.
Compressed class space mapped at: 0x000001f4a8000000-0x000001f4e8000000, reserved size: 1073741824
Narrow klass base: 0x000001f4a7000000, Narrow klass shift: 0, Narrow klass range: 0x100000000

GC Precious Log:
 CPUs: 4 total, 4 available
 Memory: 7540M
 Large Page Support: Disabled
 NUMA Support: Disabled
 Compressed Oops: Enabled (32-bit)
 Heap Region Size: 1M
 Heap Min Capacity: 8M
 Heap Initial Capacity: 118M
 Heap Max Capacity: 1886M
 Pre-touch: Disabled
 Parallel Workers: 4
 Concurrent Workers: 1
 Concurrent Refinement Workers: 4
 Periodic GC: Disabled

Heap:
 garbage-first heap   total 61440K, used 36793K [0x000000008a200000, 0x0000000100000000)
  region size 1024K, 12 young (12288K), 2 survivors (2048K)
 Metaspace       used 66610K, committed 67136K, reserved 1114112K
  class space    used 9103K, committed 9344K, reserved 1048576K

Heap Regions: E=young(eden), S=young(survivor), O=old, HS=humongous(starts), HC=humongous(continues), CS=collection set, F=free, OA=open archive, CA=closed archive, TAMS=top-at-mark-start (previous, next)
|   0|0x000000008a200000, 0x000000008a300000, 0x000000008a300000|100%|HS|  |TAMS 0x000000008a300000, 0x000000008a200000| Complete 
|   1|0x000000008a300000, 0x000000008a400000, 0x000000008a400000|100%|HS|  |TAMS 0x000000008a400000, 0x000000008a300000| Complete 
|   2|0x000000008a400000, 0x000000008a500000, 0x000000008a500000|100%| O|  |TAMS 0x000000008a500000, 0x000000008a400000| Untracked 
|   3|0x000000008a500000, 0x000000008a600000, 0x000000008a600000|100%| O|  |TAMS 0x000000008a600000, 0x000000008a500000| Untracked 
|   4|0x000000008a600000, 0x000000008a700000, 0x000000008a700000|100%| O|  |TAMS 0x000000008a700000, 0x000000008a600000| Untracked 
|   5|0x000000008a700000, 0x000000008a800000, 0x000000008a800000|100%| O|  |TAMS 0x000000008a800000, 0x000000008a700000| Untracked 
|   6|0x000000008a800000, 0x000000008a900000, 0x000000008a900000|100%| O|  |TAMS 0x000000008a900000, 0x000000008a800000| Untracked 
|   7|0x000000008a900000, 0x000000008aa00000, 0x000000008aa00000|100%| O|  |TAMS 0x000000008aa00000, 0x000000008a900000| Untracked 
|   8|0x000000008aa00000, 0x000000008aaf9200, 0x000000008ab00000| 97%| O|  |TAMS 0x000000008aaf9200, 0x000000008aa00000| Untracked 
|   9|0x000000008ab00000, 0x000000008ac00000, 0x000000008ac00000|100%| O|  |TAMS 0x000000008ac00000, 0x000000008ab00000| Untracked 
|  10|0x000000008ac00000, 0x000000008ad00000, 0x000000008ad00000|100%| O|  |TAMS 0x000000008ad00000, 0x000000008ac00000| Untracked 
|  11|0x000000008ad00000, 0x000000008ae00000, 0x000000008ae00000|100%| O|  |TAMS 0x000000008ae00000, 0x000000008ad00000| Untracked 
|  12|0x000000008ae00000, 0x000000008af00000, 0x000000008af00000|100%| O|  |TAMS 0x000000008af00000, 0x000000008ae00000| Untracked 
|  13|0x000000008af00000, 0x000000008b000000, 0x000000008b000000|100%| O|  |TAMS 0x000000008b000000, 0x000000008af00000| Untracked 
|  14|0x000000008b000000, 0x000000008b100000, 0x000000008b100000|100%| O|  |TAMS 0x000000008b100000, 0x000000008b000000| Untracked 
|  15|0x000000008b100000, 0x000000008b200000, 0x000000008b200000|100%| O|  |TAMS 0x000000008b200000, 0x000000008b100000| Untracked 
|  16|0x000000008b200000, 0x000000008b300000, 0x000000008b300000|100%| O|  |TAMS 0x000000008b300000, 0x000000008b200000| Untracked 
|  17|0x000000008b300000, 0x000000008b400000, 0x000000008b400000|100%| O|  |TAMS 0x000000008b400000, 0x000000008b300000| Untracked 
|  18|0x000000008b400000, 0x000000008b500000, 0x000000008b500000|100%| O|  |TAMS 0x000000008b500000, 0x000000008b400000| Untracked 
|  19|0x000000008b500000, 0x000000008b600000, 0x000000008b600000|100%| O|  |TAMS 0x000000008b600000, 0x000000008b500000| Untracked 
|  20|0x000000008b600000, 0x000000008b700000, 0x000000008b700000|100%| O|  |TAMS 0x000000008b700000, 0x000000008b600000| Untracked 
|  21|0x000000008b700000, 0x000000008b800000, 0x000000008b800000|100%| O|  |TAMS 0x000000008b800000, 0x000000008b700000| Untracked 
|  22|0x000000008b800000, 0x000000008b900000, 0x000000008b900000|100%| O|  |TAMS 0x000000008b900000, 0x000000008b800000| Untracked 
|  23|0x000000008b900000, 0x000000008ba00000, 0x000000008ba00000|100%| O|  |TAMS 0x000000008ba00000, 0x000000008b900000| Untracked 
|  24|0x000000008ba00000, 0x000000008bb00000, 0x000000008bb00000|100%| O|  |TAMS 0x000000008bb00000, 0x000000008ba00000| Untracked 
|  25|0x000000008bb00000, 0x000000008bc00000, 0x000000008bc00000|100%| O|  |TAMS 0x000000008bc00000, 0x000000008bb00000| Untracked 
|  26|0x000000008bc00000, 0x000000008bc30800, 0x000000008bd00000| 18%| O|  |TAMS 0x000000008bc30800, 0x000000008bc00000| Untracked 
|  27|0x000000008bd00000, 0x000000008bd00000, 0x000000008be00000|  0%| F|  |TAMS 0x000000008bd00000, 0x000000008bd00000| Untracked 
|  28|0x000000008be00000, 0x000000008be00000, 0x000000008bf00000|  0%| F|  |TAMS 0x000000008be00000, 0x000000008be00000| Untracked 
|  29|0x000000008bf00000, 0x000000008bf00000, 0x000000008c000000|  0%| F|  |TAMS 0x000000008bf00000, 0x000000008bf00000| Untracked 
|  30|0x000000008c000000, 0x000000008c000000, 0x000000008c100000|  0%| F|  |TAMS 0x000000008c000000, 0x000000008c000000| Untracked 
|  31|0x000000008c100000, 0x000000008c100000, 0x000000008c200000|  0%| F|  |TAMS 0x000000008c100000, 0x000000008c100000| Untracked 
|  32|0x000000008c200000, 0x000000008c200000, 0x000000008c300000|  0%| F|  |TAMS 0x000000008c200000, 0x000000008c200000| Untracked 
|  33|0x000000008c300000, 0x000000008c300000, 0x000000008c400000|  0%| F|  |TAMS 0x000000008c300000, 0x000000008c300000| Untracked 
|  34|0x000000008c400000, 0x000000008c400000, 0x000000008c500000|  0%| F|  |TAMS 0x000000008c400000, 0x000000008c400000| Untracked 
|  35|0x000000008c500000, 0x000000008c500000, 0x000000008c600000|  0%| F|  |TAMS 0x000000008c500000, 0x000000008c500000| Untracked 
|  36|0x000000008c600000, 0x000000008c6c4aa0, 0x000000008c700000| 76%| S|CS|TAMS 0x000000008c600000, 0x000000008c600000| Complete 
|  37|0x000000008c700000, 0x000000008c800000, 0x000000008c800000|100%| S|CS|TAMS 0x000000008c700000, 0x000000008c700000| Complete 
|  38|0x000000008c800000, 0x000000008c800000, 0x000000008c900000|  0%| F|  |TAMS 0x000000008c800000, 0x000000008c800000| Untracked 
|  39|0x000000008c900000, 0x000000008c900000, 0x000000008ca00000|  0%| F|  |TAMS 0x000000008c900000, 0x000000008c900000| Untracked 
|  40|0x000000008ca00000, 0x000000008ca00000, 0x000000008cb00000|  0%| F|  |TAMS 0x000000008ca00000, 0x000000008ca00000| Untracked 
|  41|0x000000008cb00000, 0x000000008cb00000, 0x000000008cc00000|  0%| F|  |TAMS 0x000000008cb00000, 0x000000008cb00000| Untracked 
|  42|0x000000008cc00000, 0x000000008cc00000, 0x000000008cd00000|  0%| F|  |TAMS 0x000000008cc00000, 0x000000008cc00000| Untracked 
|  43|0x000000008cd00000, 0x000000008cd00000, 0x000000008ce00000|  0%| F|  |TAMS 0x000000008cd00000, 0x000000008cd00000| Untracked 
|  44|0x000000008ce00000, 0x000000008ce00000, 0x000000008cf00000|  0%| F|  |TAMS 0x000000008ce00000, 0x000000008ce00000| Untracked 
|  45|0x000000008cf00000, 0x000000008cf00000, 0x000000008d000000|  0%| F|  |TAMS 0x000000008cf00000, 0x000000008cf00000| Untracked 
|  46|0x000000008d000000, 0x000000008d000000, 0x000000008d100000|  0%| F|  |TAMS 0x000000008d000000, 0x000000008d000000| Untracked 
|  47|0x000000008d100000, 0x000000008d100000, 0x000000008d200000|  0%| F|  |TAMS 0x000000008d100000, 0x000000008d100000| Untracked 
|  48|0x000000008d200000, 0x000000008d200000, 0x000000008d300000|  0%| F|  |TAMS 0x000000008d200000, 0x000000008d200000| Untracked 
|  49|0x000000008d300000, 0x000000008d300000, 0x000000008d400000|  0%| F|  |TAMS 0x000000008d300000, 0x000000008d300000| Untracked 
|  50|0x000000008d400000, 0x000000008d4d03c8, 0x000000008d500000| 81%| E|  |TAMS 0x000000008d400000, 0x000000008d400000| Complete 
|  53|0x000000008d700000, 0x000000008d800000, 0x000000008d800000|100%| E|CS|TAMS 0x000000008d700000, 0x000000008d700000| Complete 
|  54|0x000000008d800000, 0x000000008d900000, 0x000000008d900000|100%| E|CS|TAMS 0x000000008d800000, 0x000000008d800000| Complete 
|  55|0x000000008d900000, 0x000000008da00000, 0x000000008da00000|100%| E|CS|TAMS 0x000000008d900000, 0x000000008d900000| Complete 
|  56|0x000000008da00000, 0x000000008db00000, 0x000000008db00000|100%| E|CS|TAMS 0x000000008da00000, 0x000000008da00000| Complete 
|  57|0x000000008db00000, 0x000000008dc00000, 0x000000008dc00000|100%| E|CS|TAMS 0x000000008db00000, 0x000000008db00000| Complete 
|  58|0x000000008dc00000, 0x000000008dd00000, 0x000000008dd00000|100%| E|  |TAMS 0x000000008dc00000, 0x000000008dc00000| Complete 
|  59|0x000000008dd00000, 0x000000008de00000, 0x000000008de00000|100%| E|CS|TAMS 0x000000008dd00000, 0x000000008dd00000| Complete 
|  60|0x000000008de00000, 0x000000008df00000, 0x000000008df00000|100%| E|CS|TAMS 0x000000008de00000, 0x000000008de00000| Complete 
| 117|0x0000000091700000, 0x0000000091800000, 0x0000000091800000|100%| E|CS|TAMS 0x0000000091700000, 0x0000000091700000| Complete 

Card table byte_map: [0x000001f49fa50000,0x000001f49fe00000] _byte_map_base: 0x000001f49f5ff000

Marking Bits (Prev, Next): (CMBitMap*) 0x000001f48703b1d0, (CMBitMap*) 0x000001f48703b190
 Prev Bits: [0x000001f4a1f30000, 0x000001f4a3ca8000)
 Next Bits: [0x000001f4a01b0000, 0x000001f4a1f28000)

Polling page: 0x000001f490050000

Metaspace:

Usage:
  Non-class:     56.16 MB used.
      Class:      8.89 MB used.
       Both:     65.05 MB used.

Virtual space:
  Non-class space:       64.00 MB reserved,      56.44 MB ( 88%) committed,  1 nodes.
      Class space:        1.00 GB reserved,       9.12 MB ( <1%) committed,  1 nodes.
             Both:        1.06 GB reserved,      65.56 MB (  6%) committed. 

Chunk freelists:
   Non-Class:  6.88 MB
       Class:  6.88 MB
        Both:  13.75 MB

MaxMetaspaceSize: unlimited
CompressedClassSpaceSize: 1.00 GB
Initial GC threshold: 21.00 MB
Current GC threshold: 99.00 MB
CDS: on
MetaspaceReclaimPolicy: balanced
 - commit_granule_bytes: 65536.
 - commit_granule_words: 8192.
 - virtual_space_node_default_size: 8388608.
 - enlarge_chunks_in_place: 1.
 - new_chunks_are_fully_committed: 0.
 - uncommit_free_chunks: 1.
 - use_allocation_guard: 0.
 - handle_deallocations: 1.


Internal statistics:

num_allocs_failed_limit: 9.
num_arena_births: 740.
num_arena_deaths: 0.
num_vsnodes_births: 2.
num_vsnodes_deaths: 0.
num_space_committed: 1049.
num_space_uncommitted: 0.
num_chunks_returned_to_freelist: 9.
num_chunks_taken_from_freelist: 3082.
num_chunk_merges: 9.
num_chunk_splits: 2296.
num_chunks_enlarged: 1846.
num_inconsistent_stats: 0.

CodeHeap 'non-profiled nmethods': size=120000Kb used=2748Kb max_used=2748Kb free=117251Kb
 bounds [0x000001f497b40000, 0x000001f497df0000, 0x000001f49f070000]
CodeHeap 'profiled nmethods': size=120000Kb used=10434Kb max_used=10434Kb free=109565Kb
 bounds [0x000001f490070000, 0x000001f490ab0000, 0x000001f4975a0000]
CodeHeap 'non-nmethods': size=5760Kb used=1447Kb max_used=1492Kb free=4312Kb
 bounds [0x000001f4975a0000, 0x000001f497810000, 0x000001f497b40000]
 total_blobs=6274 nmethods=5548 adapters=638
 compilation: enabled
              stopped_count=0, restarted_count=0
 full_count=0

Compilation events (20 events):
Event: 9.500 Thread 0x000001f4a629e800 5562       1       org.hibernate.metamodel.mapping.internal.ToOneAttributeMapping::getEntityMappingType (5 bytes)
Event: 9.500 Thread 0x000001f4a629e800 nmethod 5562 0x000001f497ded810 code [0x000001f497ded9a0, 0x000001f497deda78]
Event: 9.500 Thread 0x000001f4a629e800 5563       2       java.lang.AbstractStringBuilder::append (54 bytes)
Event: 9.501 Thread 0x000001f4a629e800 nmethod 5563 0x000001f490aa0490 code [0x000001f490aa0680, 0x000001f490aa0a08]
Event: 9.501 Thread 0x000001f4a629e800 5564       1       org.hibernate.type.descriptor.jdbc.IntegerJdbcType::getJdbcTypeCode (2 bytes)
Event: 9.501 Thread 0x000001f4a629e800 nmethod 5564 0x000001f497dedb10 code [0x000001f497dedca0, 0x000001f497dedd78]
Event: 9.501 Thread 0x000001f4a629e800 5565       1       org.hibernate.spi.NavigablePath::hashCode (5 bytes)
Event: 9.501 Thread 0x000001f4a629e800 nmethod 5565 0x000001f497dede10 code [0x000001f497dedfa0, 0x000001f497dee078]
Event: 9.501 Thread 0x000001f4a629e800 5566       1       org.hibernate.sql.ast.tree.expression.ColumnReference::getExpressionType (5 bytes)
Event: 9.501 Thread 0x000001f4a629e800 nmethod 5566 0x000001f497dee110 code [0x000001f497dee2a0, 0x000001f497dee378]
Event: 9.501 Thread 0x000001f4a629e800 5567       1       org.hibernate.sql.ast.tree.from.AbstractTableReference::getIdentificationVariable (5 bytes)
Event: 9.501 Thread 0x000001f4a629e800 nmethod 5567 0x000001f497dee410 code [0x000001f497dee5a0, 0x000001f497dee678]
Event: 9.501 Thread 0x000001f4a629e800 5568       1       org.hibernate.sql.results.graph.AbstractFetchParent::getNavigablePath (5 bytes)
Event: 9.501 Thread 0x000001f4a629e800 nmethod 5568 0x000001f497dee710 code [0x000001f497dee8a0, 0x000001f497dee978]
Event: 9.501 Thread 0x000001f4a629e800 5569       1       org.hibernate.internal.SessionFactoryImpl::getSessionFactoryOptions (5 bytes)
Event: 9.501 Thread 0x000001f4a629e800 nmethod 5569 0x000001f497deea10 code [0x000001f497deeba0, 0x000001f497deec78]
Event: 9.502 Thread 0x000001f4a629e800 5570       1       org.hibernate.metamodel.mapping.internal.BasicEntityIdentifierMappingImpl::getJdbcMapping (5 bytes)
Event: 9.502 Thread 0x000001f4a629e800 nmethod 5570 0x000001f497deed10 code [0x000001f497deeea0, 0x000001f497deef78]
Event: 9.510 Thread 0x000001f4a629e800 5571       1       org.hibernate.sql.results.internal.SqlSelectionImpl::getExpression (5 bytes)
Event: 9.510 Thread 0x000001f4a629e800 nmethod 5571 0x000001f497def010 code [0x000001f497def1a0, 0x000001f497def278]

GC Heap History (20 events):
Event: 3.592 GC heap before
{Heap before GC invocations=5 (full 0):
 garbage-first heap   total 61440K, used 47256K [0x000000008a200000, 0x0000000100000000)
  region size 1024K, 39 young (39936K), 8 survivors (8192K)
 Metaspace       used 24942K, committed 25344K, reserved 1114112K
  class space    used 3200K, committed 3392K, reserved 1048576K
}
Event: 3.602 GC heap after
{Heap after GC invocations=6 (full 0):
 garbage-first heap   total 61440K, used 18644K [0x000000008a200000, 0x0000000100000000)
  region size 1024K, 3 young (3072K), 3 survivors (3072K)
 Metaspace       used 24942K, committed 25344K, reserved 1114112K
  class space    used 3200K, committed 3392K, reserved 1048576K
}
Event: 4.335 GC heap before
{Heap before GC invocations=6 (full 0):
 garbage-first heap   total 61440K, used 42196K [0x000000008a200000, 0x0000000100000000)
  region size 1024K, 26 young (26624K), 3 survivors (3072K)
 Metaspace       used 29725K, committed 30080K, reserved 1114112K
  class space    used 3873K, committed 4032K, reserved 1048576K
}
Event: 4.341 GC heap after
{Heap after GC invocations=7 (full 0):
 garbage-first heap   total 61440K, used 20958K [0x000000008a200000, 0x0000000100000000)
  region size 1024K, 3 young (3072K), 3 survivors (3072K)
 Metaspace       used 29725K, committed 30080K, reserved 1114112K
  class space    used 3873K, committed 4032K, reserved 1048576K
}
Event: 4.953 GC heap before
{Heap before GC invocations=7 (full 0):
 garbage-first heap   total 61440K, used 43486K [0x000000008a200000, 0x0000000100000000)
  region size 1024K, 26 young (26624K), 3 survivors (3072K)
 Metaspace       used 34866K, committed 35328K, reserved 1114112K
  class space    used 4413K, committed 4672K, reserved 1048576K
}
Event: 4.958 GC heap after
{Heap after GC invocations=8 (full 0):
 garbage-first heap   total 61440K, used 23296K [0x000000008a200000, 0x0000000100000000)
  region size 1024K, 3 young (3072K), 3 survivors (3072K)
 Metaspace       used 34866K, committed 35328K, reserved 1114112K
  class space    used 4413K, committed 4672K, reserved 1048576K
}
Event: 4.990 GC heap before
{Heap before GC invocations=8 (full 0):
 garbage-first heap   total 61440K, used 23296K [0x000000008a200000, 0x0000000100000000)
  region size 1024K, 5 young (5120K), 3 survivors (3072K)
 Metaspace       used 35520K, committed 35968K, reserved 1114112K
  class space    used 4457K, committed 4672K, reserved 1048576K
}
Event: 4.992 GC heap after
{Heap after GC invocations=9 (full 0):
 garbage-first heap   total 61440K, used 23563K [0x000000008a200000, 0x0000000100000000)
  region size 1024K, 1 young (1024K), 1 survivors (1024K)
 Metaspace       used 35520K, committed 35968K, reserved 1114112K
  class space    used 4457K, committed 4672K, reserved 1048576K
}
Event: 6.244 GC heap before
{Heap before GC invocations=10 (full 0):
 garbage-first heap   total 61440K, used 46091K [0x000000008a200000, 0x0000000100000000)
  region size 1024K, 23 young (23552K), 1 survivors (1024K)
 Metaspace       used 42946K, committed 43392K, reserved 1114112K
  class space    used 5391K, committed 5568K, reserved 1048576K
}
Event: 6.246 GC heap after
{Heap after GC invocations=11 (full 0):
 garbage-first heap   total 61440K, used 24259K [0x000000008a200000, 0x0000000100000000)
  region size 1024K, 2 young (2048K), 2 survivors (2048K)
 Metaspace       used 42946K, committed 43392K, reserved 1114112K
  class space    used 5391K, committed 5568K, reserved 1048576K
}
Event: 6.901 GC heap before
{Heap before GC invocations=11 (full 0):
 garbage-first heap   total 61440K, used 46787K [0x000000008a200000, 0x0000000100000000)
  region size 1024K, 24 young (24576K), 2 survivors (2048K)
 Metaspace       used 48105K, committed 48512K, reserved 1114112K
  class space    used 6225K, committed 6400K, reserved 1048576K
}
Event: 6.904 GC heap after
{Heap after GC invocations=12 (full 0):
 garbage-first heap   total 61440K, used 25365K [0x000000008a200000, 0x0000000100000000)
  region size 1024K, 3 young (3072K), 3 survivors (3072K)
 Metaspace       used 48105K, committed 48512K, reserved 1114112K
  class space    used 6225K, committed 6400K, reserved 1048576K
}
Event: 7.689 GC heap before
{Heap before GC invocations=12 (full 0):
 garbage-first heap   total 61440K, used 46869K [0x000000008a200000, 0x0000000100000000)
  region size 1024K, 25 young (25600K), 3 survivors (3072K)
 Metaspace       used 54119K, committed 54592K, reserved 1114112K
  class space    used 7199K, committed 7424K, reserved 1048576K
}
Event: 7.693 GC heap after
{Heap after GC invocations=13 (full 0):
 garbage-first heap   total 61440K, used 26861K [0x000000008a200000, 0x0000000100000000)
  region size 1024K, 3 young (3072K), 3 survivors (3072K)
 Metaspace       used 54119K, committed 54592K, reserved 1114112K
  class space    used 7199K, committed 7424K, reserved 1048576K
}
Event: 8.436 GC heap before
{Heap before GC invocations=13 (full 0):
 garbage-first heap   total 61440K, used 48365K [0x000000008a200000, 0x0000000100000000)
  region size 1024K, 24 young (24576K), 3 survivors (3072K)
 Metaspace       used 58585K, committed 59072K, reserved 1114112K
  class space    used 7781K, committed 8000K, reserved 1048576K
}
Event: 8.440 GC heap after
{Heap after GC invocations=14 (full 0):
 garbage-first heap   total 61440K, used 27926K [0x000000008a200000, 0x0000000100000000)
  region size 1024K, 2 young (2048K), 2 survivors (2048K)
 Metaspace       used 58585K, committed 59072K, reserved 1114112K
  class space    used 7781K, committed 8000K, reserved 1048576K
}
Event: 8.539 GC heap before
{Heap before GC invocations=14 (full 0):
 garbage-first heap   total 61440K, used 28950K [0x000000008a200000, 0x0000000100000000)
  region size 1024K, 5 young (5120K), 2 survivors (2048K)
 Metaspace       used 60014K, committed 60480K, reserved 1114112K
  class space    used 8055K, committed 8256K, reserved 1048576K
}
Event: 8.541 GC heap after
{Heap after GC invocations=15 (full 0):
 garbage-first heap   total 61440K, used 28028K [0x000000008a200000, 0x0000000100000000)
  region size 1024K, 2 young (2048K), 2 survivors (2048K)
 Metaspace       used 60014K, committed 60480K, reserved 1114112K
  class space    used 8055K, committed 8256K, reserved 1048576K
}
Event: 9.135 GC heap before
{Heap before GC invocations=16 (full 0):
 garbage-first heap   total 61440K, used 47484K [0x000000008a200000, 0x0000000100000000)
  region size 1024K, 22 young (22528K), 2 survivors (2048K)
 Metaspace       used 64203K, committed 64768K, reserved 1114112K
  class space    used 8723K, committed 8960K, reserved 1048576K
}
Event: 9.137 GC heap after
{Heap after GC invocations=17 (full 0):
 garbage-first heap   total 61440K, used 28601K [0x000000008a200000, 0x0000000100000000)
  region size 1024K, 2 young (2048K), 2 survivors (2048K)
 Metaspace       used 64203K, committed 64768K, reserved 1114112K
  class space    used 8723K, committed 8960K, reserved 1048576K
}

Deoptimization events (20 events):
Event: 9.283 Thread 0x000001f4ec6fecb0 DEOPT PACKING pc=0x000001f4909b4f24 sp=0x0000001f833fccf0
Event: 9.283 Thread 0x000001f4ec6fecb0 DEOPT UNPACKING pc=0x000001f4975f2b43 sp=0x0000001f833fc230 mode 1
Event: 9.284 Thread 0x000001f4ec6fecb0 DEOPT PACKING pc=0x000001f49017675c sp=0x0000001f833fc240
Event: 9.284 Thread 0x000001f4ec6fecb0 DEOPT UNPACKING pc=0x000001f4975f2b43 sp=0x0000001f833fb6f8 mode 1
Event: 9.284 Thread 0x000001f4ec6fecb0 DEOPT PACKING pc=0x000001f490265fc4 sp=0x0000001f833fcc50
Event: 9.284 Thread 0x000001f4ec6fecb0 DEOPT UNPACKING pc=0x000001f4975f2b43 sp=0x0000001f833fc128 mode 1
Event: 9.284 Thread 0x000001f4ec6fecb0 DEOPT PACKING pc=0x000001f4909b4f24 sp=0x0000001f833fccf0
Event: 9.284 Thread 0x000001f4ec6fecb0 DEOPT UNPACKING pc=0x000001f4975f2b43 sp=0x0000001f833fc230 mode 1
Event: 9.474 Thread 0x000001f4ec6fecb0 DEOPT PACKING pc=0x000001f49017675c sp=0x0000001f833fb9f0
Event: 9.474 Thread 0x000001f4ec6fecb0 DEOPT UNPACKING pc=0x000001f4975f2b43 sp=0x0000001f833faea8 mode 1
Event: 9.474 Thread 0x000001f4ec6fecb0 DEOPT PACKING pc=0x000001f490265fc4 sp=0x0000001f833fc400
Event: 9.474 Thread 0x000001f4ec6fecb0 DEOPT UNPACKING pc=0x000001f4975f2b43 sp=0x0000001f833fb8d8 mode 1
Event: 9.474 Thread 0x000001f4ec6fecb0 DEOPT PACKING pc=0x000001f4909b4f24 sp=0x0000001f833fc4a0
Event: 9.474 Thread 0x000001f4ec6fecb0 DEOPT UNPACKING pc=0x000001f4975f2b43 sp=0x0000001f833fb9e0 mode 1
Event: 9.474 Thread 0x000001f4ec6fecb0 DEOPT PACKING pc=0x000001f49017675c sp=0x0000001f833fb9f0
Event: 9.474 Thread 0x000001f4ec6fecb0 DEOPT UNPACKING pc=0x000001f4975f2b43 sp=0x0000001f833faea8 mode 1
Event: 9.474 Thread 0x000001f4ec6fecb0 DEOPT PACKING pc=0x000001f490265fc4 sp=0x0000001f833fc400
Event: 9.474 Thread 0x000001f4ec6fecb0 DEOPT UNPACKING pc=0x000001f4975f2b43 sp=0x0000001f833fb8d8 mode 1
Event: 9.475 Thread 0x000001f4ec6fecb0 DEOPT PACKING pc=0x000001f4909b4f24 sp=0x0000001f833fc4a0
Event: 9.475 Thread 0x000001f4ec6fecb0 DEOPT UNPACKING pc=0x000001f4975f2b43 sp=0x0000001f833fb9e0 mode 1

Classes unloaded (0 events):
No events

Classes redefined (0 events):
No events

Internal exceptions (20 events):
Event: 8.323 Thread 0x000001f4ec6fecb0 Exception <a 'java/lang/NoSuchMethodError'{0x000000008cc8c1a0}: 'java.lang.Object java.lang.invoke.DirectMethodHandle$Holder.invokeStaticInit(java.lang.Object, java.lang.Object, int, java.lang.Object)'> (0x000000008cc8c1a0) 
thrown [s\open\src\hotspot\share\interpreter\linkResolver.cpp, line 759]
Event: 9.140 Thread 0x000001f4ec6fecb0 Exception <a 'java/lang/NoSuchMethodError'{0x00000000917091f8}: 'void java.lang.invoke.DirectMethodHandle$Holder.invokeStaticInit(java.lang.Object, int, java.lang.Object, java.lang.Object, java.lang.Object, java.lang.Object)'> (0x00000000917091f8) 
thrown [s\open\src\hotspot\share\interpreter\linkResolver.cpp, line 759]
Event: 9.176 Thread 0x000001f4ec6fecb0 Exception <a 'java/lang/NoSuchMethodError'{0x000000008dea4e70}: 'int java.lang.invoke.DirectMethodHandle$Holder.invokeStatic(java.lang.Object, java.lang.Object, java.lang.Object, java.lang.Object, java.lang.Object, java.lang.Object)'> (0x000000008dea4e70) 
thrown [s\open\src\hotspot\share\interpreter\linkResolver.cpp, line 759]
Event: 9.179 Thread 0x000001f4ec6fecb0 Exception <a 'java/lang/NoSuchMethodError'{0x000000008deb9ae8}: 'int java.lang.invoke.DirectMethodHandle$Holder.invokeStatic(java.lang.Object, java.lang.Object, java.lang.Object, java.lang.Object, java.lang.Object)'> (0x000000008deb9ae8) 
thrown [s\open\src\hotspot\share\interpreter\linkResolver.cpp, line 759]
Event: 9.193 Thread 0x000001f4ec6fecb0 Exception <a 'java/lang/NoSuchMethodError'{0x000000008dd35178}: 'void java.lang.invoke.DirectMethodHandle$Holder.invokeInterface(java.lang.Object, java.lang.Object, int, java.lang.Object)'> (0x000000008dd35178) 
thrown [s\open\src\hotspot\share\interpreter\linkResolver.cpp, line 759]
Event: 9.198 Thread 0x000001f4ec6fecb0 Exception <a 'java/lang/NoSuchMethodError'{0x000000008dd5e490}: 'java.lang.Object java.lang.invoke.DirectMethodHandle$Holder.newInvokeSpecial(java.lang.Object, java.lang.Object, int, java.lang.Object)'> (0x000000008dd5e490) 
thrown [s\open\src\hotspot\share\interpreter\linkResolver.cpp, line 759]
Event: 9.199 Thread 0x000001f4ec6fecb0 Exception <a 'java/lang/NoSuchMethodError'{0x000000008dd62058}: 'java.lang.Object java.lang.invoke.Invokers$Holder.linkToTargetMethod(java.lang.Object, int, java.lang.Object, java.lang.Object)'> (0x000000008dd62058) 
thrown [s\open\src\hotspot\share\interpreter\linkResolver.cpp, line 759]
Event: 9.242 Thread 0x000001f4ec6fecb0 Exception <a 'java/lang/NoSuchMethodError'{0x000000008dc81f90}: 'void java.lang.invoke.DirectMethodHandle$Holder.invokeSpecial(java.lang.Object, java.lang.Object, int, java.lang.Object)'> (0x000000008dc81f90) 
thrown [s\open\src\hotspot\share\interpreter\linkResolver.cpp, line 759]
Event: 9.244 Thread 0x000001f4ec6fecb0 Exception <a 'java/lang/NoSuchMethodError'{0x000000008dc8b270}: 'void java.lang.invoke.DirectMethodHandle$Holder.invokeStatic(java.lang.Object, java.lang.Object, java.lang.Object, java.lang.Object, int, java.lang.Object)'> (0x000000008dc8b270) 
thrown [s\open\src\hotspot\share\interpreter\linkResolver.cpp, line 759]
Event: 9.286 Thread 0x000001f4ec6fecb0 Exception <a 'java/lang/NoSuchMethodError'{0x000000008da08a68}: 'int java.lang.invoke.DirectMethodHandle$Holder.invokeStatic(java.lang.Object, int, java.lang.Object)'> (0x000000008da08a68) 
thrown [s\open\src\hotspot\share\interpreter\linkResolver.cpp, line 759]
Event: 9.291 Thread 0x000001f4ec6fecb0 Exception <a 'java/lang/NoSuchMethodError'{0x000000008da2a5e8}: 'java.lang.Object java.lang.invoke.DirectMethodHandle$Holder.newInvokeSpecial(java.lang.Object, java.lang.Object, java.lang.Object, java.lang.Object, java.lang.Object, int, java.lang.Object)'> (0x000000008da2a5e8) 
thrown [s\open\src\hotspot\share\interpreter\linkResolver.cpp, line 759]
Event: 9.299 Thread 0x000001f4ec6fecb0 Exception <a 'java/lang/NoSuchMethodError'{0x000000008da641e8}: 'java.lang.Object java.lang.invoke.DirectMethodHandle$Holder.newInvokeSpecial(java.lang.Object, java.lang.Object, java.lang.Object, java.lang.Object, java.lang.Object, java.lang.Object, java.lang.Object, java.lang.Object, java.lang.Object, java.lang.Object, java.lang.Object, java.lang.Object)'> (0x000000008da641e8) 
thrown [s\open\src\hotspot\share\interpreter\linkResolver.cpp, line 759]
Event: 9.299 Thread 0x000001f4ec6fecb0 Exception <a 'java/lang/NoSuchMethodError'{0x000000008da69730}: 'java.lang.Object java.lang.invoke.DirectMethodHandle$Holder.invokeSpecial(java.lang.Object, java.lang.Object, java.lang.Object, java.lang.Object, java.lang.Object, java.lang.Object, java.lang.Object, java.lang.Object, java.lang.Object, java.lang.Object, java.lang.Object, java.lang.Object, java.lang.Object)'> (0x000000008da69730) 
thrown [s\open\src\hotspot\share\interpreter\linkResolver.cpp, line 759]
Event: 9.300 Thread 0x000001f4ec6fecb0 Exception <a 'java/lang/NoSuchMethodError'{0x000000008da6e208}: 'java.lang.Object java.lang.invoke.Invokers$Holder.linkToTargetMethod(java.lang.Object, java.lang.Object, java.lang.Object, java.lang.Object, java.lang.Object, java.lang.Object, java.lang.Object, java.lang.Object, java.lang.Object, java.lang.Object, java.lang.Object, java.lang.Object)'> (0x000000008da6e208) 
thrown [s\open\src\hotspot\share\interpreter\linkResolver.cpp, line 759]
Event: 9.339 Thread 0x000001f4ec6fecb0 Exception <a 'java/lang/IncompatibleClassChangeError'{0x000000008d92c6c8}: Found class java.lang.Object, but interface was expected> (0x000000008d92c6c8) 
thrown [s\open\src\hotspot\share\interpreter\linkResolver.cpp, line 826]
Event: 9.400 Thread 0x000001f4ec6fecb0 Exception <a 'java/lang/IncompatibleClassChangeError'{0x000000008d83ac58}: Found class java.lang.Object, but interface was expected> (0x000000008d83ac58) 
thrown [s\open\src\hotspot\share\interpreter\linkResolver.cpp, line 826]
Event: 9.427 Thread 0x000001f4ec6fecb0 Exception <a 'java/lang/NoSuchMethodError'{0x000000008d8c37c0}: 'java.lang.Object java.lang.invoke.DirectMethodHandle$Holder.newInvokeSpecial(java.lang.Object, java.lang.Object, int, java.lang.Object, int, java.lang.Object, java.lang.Object)'> (0x000000008d8c37c0) 
thrown [s\open\src\hotspot\share\interpreter\linkResolver.cpp, line 759]
Event: 9.458 Thread 0x000001f4ec6fecb0 Exception <a 'java/lang/NoSuchMethodError'{0x000000008d77a7d8}: 'java.lang.Object java.lang.invoke.DirectMethodHandle$Holder.newInvokeSpecial(java.lang.Object, java.lang.Object, java.lang.Object, java.lang.Object, java.lang.Object, java.lang.Object, java.lang.Object, int)'> (0x000000008d77a7d8) 
thrown [s\open\src\hotspot\share\interpreter\linkResolver.cpp, line 759]
Event: 9.463 Thread 0x000001f4ec6fecb0 Exception <a 'java/lang/NoSuchMethodError'{0x000000008d77fa20}: 'java.lang.Object java.lang.invoke.DirectMethodHandle$Holder.invokeSpecial(java.lang.Object, java.lang.Object, java.lang.Object, java.lang.Object, java.lang.Object, java.lang.Object, java.lang.Object, java.lang.Object, int)'> (0x000000008d77fa20) 
thrown [s\open\src\hotspot\share\interpreter\linkResolver.cpp, line 759]
Event: 9.464 Thread 0x000001f4ec6fecb0 Exception <a 'java/lang/NoSuchMethodError'{0x000000008d7844e8}: 'java.lang.Object java.lang.invoke.Invokers$Holder.linkToTargetMethod(java.lang.Object, java.lang.Object, java.lang.Object, java.lang.Object, java.lang.Object, java.lang.Object, int, java.lang.Object)'> (0x000000008d7844e8) 
thrown [s\open\src\hotspot\share\interpreter\linkResolver.cpp, line 759]

VM Operations (20 events):
Event: 6.901 Executing VM operation: G1CollectForAllocation
Event: 6.904 Executing VM operation: G1CollectForAllocation done
Event: 7.689 Executing VM operation: G1CollectForAllocation
Event: 7.693 Executing VM operation: G1CollectForAllocation done
Event: 8.436 Executing VM operation: G1CollectForAllocation
Event: 8.440 Executing VM operation: G1CollectForAllocation done
Event: 8.539 Executing VM operation: CollectForMetadataAllocation
Event: 8.541 Executing VM operation: CollectForMetadataAllocation done
Event: 8.574 Executing VM operation: G1Concurrent
Event: 8.577 Executing VM operation: G1Concurrent done
Event: 8.590 Executing VM operation: G1Concurrent
Event: 8.590 Executing VM operation: G1Concurrent done
Event: 8.753 Executing VM operation: HandshakeAllThreads
Event: 8.753 Executing VM operation: HandshakeAllThreads done
Event: 8.790 Executing VM operation: HandshakeAllThreads
Event: 8.790 Executing VM operation: HandshakeAllThreads done
Event: 9.076 Executing VM operation: ICBufferFull
Event: 9.076 Executing VM operation: ICBufferFull done
Event: 9.134 Executing VM operation: G1CollectForAllocation
Event: 9.137 Executing VM operation: G1CollectForAllocation done

Events (20 events):
Event: 8.034 loading class javax/naming/RefAddr
Event: 8.034 loading class javax/naming/RefAddr done
Event: 8.034 loading class javax/naming/StringRefAddr
Event: 8.034 loading class javax/naming/StringRefAddr done
Event: 8.096 loading class java/util/concurrent/CompletableFuture$AltResult
Event: 8.096 loading class java/util/concurrent/CompletableFuture$AltResult done
Event: 8.097 loading class java/util/concurrent/CompletableFuture$Completion
Event: 8.097 loading class java/util/concurrent/CompletableFuture$AsynchronousCompletionTask
Event: 8.097 loading class java/util/concurrent/CompletableFuture$AsynchronousCompletionTask done
Event: 8.097 loading class java/util/concurrent/CompletableFuture$Completion done
Event: 8.196 loading class java/util/WeakHashMap$EntrySet
Event: 8.197 loading class java/util/WeakHashMap$EntrySet done
Event: 8.197 loading class java/util/WeakHashMap$EntryIterator
Event: 8.197 loading class java/util/WeakHashMap$HashIterator
Event: 8.197 loading class java/util/WeakHashMap$HashIterator done
Event: 8.197 loading class java/util/WeakHashMap$EntryIterator done
Event: 8.286 loading class java/util/concurrent/CancellationException
Event: 8.286 loading class java/util/concurrent/CancellationException done
Event: 9.154 loading class jdk/internal/reflect/UnsafeIntegerFieldAccessorImpl
Event: 9.154 loading class jdk/internal/reflect/UnsafeIntegerFieldAccessorImpl done


Dynamic libraries:
0x00007ff73ed30000 - 0x00007ff73ed40000 	C:\Program Files\Java\jdk-17\bin\java.exe
0x00007ff922170000 - 0x00007ff922368000 	C:\Windows\SYSTEM32\ntdll.dll
0x00007ff9216f0000 - 0x00007ff9217b2000 	C:\Windows\System32\KERNEL32.DLL
0x00007ff91fe10000 - 0x00007ff920106000 	C:\Windows\System32\KERNELBASE.dll
0x00007ff91fd10000 - 0x00007ff91fe10000 	C:\Windows\System32\ucrtbase.dll
0x00007ff919d30000 - 0x00007ff919d49000 	C:\Program Files\Java\jdk-17\bin\jli.dll
0x00007ff90c790000 - 0x00007ff90c7ab000 	C:\Program Files\Java\jdk-17\bin\VCRUNTIME140.dll
0x00007ff9207f0000 - 0x00007ff9208a1000 	C:\Windows\System32\ADVAPI32.dll
0x00007ff920460000 - 0x00007ff9204fe000 	C:\Windows\System32\msvcrt.dll
0x00007ff921d30000 - 0x00007ff921dcf000 	C:\Windows\System32\sechost.dll
0x00007ff9206d0000 - 0x00007ff9207f0000 	C:\Windows\System32\RPCRT4.dll
0x00007ff91fa30000 - 0x00007ff91fa57000 	C:\Windows\System32\bcrypt.dll
0x00007ff920190000 - 0x00007ff920331000 	C:\Windows\System32\USER32.dll
0x00007ff91fce0000 - 0x00007ff91fd02000 	C:\Windows\System32\win32u.dll
0x00007ff920920000 - 0x00007ff92094b000 	C:\Windows\System32\GDI32.dll
0x00007ff91fbc0000 - 0x00007ff91fcd9000 	C:\Windows\System32\gdi32full.dll
0x00007ff8fe370000 - 0x00007ff8fe60b000 	C:\Windows\WinSxS\amd64_microsoft.windows.common-controls_6595b64144ccf1df_6.0.19041.6456_none_60b8a6cb71f64256\COMCTL32.dll
0x00007ff91f800000 - 0x00007ff91f89d000 	C:\Windows\System32\msvcp_win.dll
0x00007ff9160e0000 - 0x00007ff9160ea000 	C:\Windows\SYSTEM32\VERSION.dll
0x00007ff9216c0000 - 0x00007ff9216ef000 	C:\Windows\System32\IMM32.DLL
0x00007ff90c780000 - 0x00007ff90c78c000 	C:\Program Files\Java\jdk-17\bin\vcruntime140_1.dll
0x00007ff8ec740000 - 0x00007ff8ec7ce000 	C:\Program Files\Java\jdk-17\bin\msvcp140.dll
0x00007ff8c1a00000 - 0x00007ff8c25e0000 	C:\Program Files\Java\jdk-17\bin\server\jvm.dll
0x00007ff921840000 - 0x00007ff921848000 	C:\Windows\System32\PSAPI.DLL
0x00007ff903dc0000 - 0x00007ff903dc9000 	C:\Windows\SYSTEM32\WSOCK32.dll
0x00007ff9160f0000 - 0x00007ff916117000 	C:\Windows\SYSTEM32\WINMM.dll
0x00007ff9208b0000 - 0x00007ff92091b000 	C:\Windows\System32\WS2_32.dll
0x00007ff91d650000 - 0x00007ff91d662000 	C:\Windows\SYSTEM32\kernel.appcore.dll
0x00007ff8fd0a0000 - 0x00007ff8fd0aa000 	C:\Program Files\Java\jdk-17\bin\jimage.dll
0x00007ff909ec0000 - 0x00007ff90a0c1000 	C:\Windows\SYSTEM32\DBGHELP.DLL
0x00007ff909e80000 - 0x00007ff909eb4000 	C:\Windows\SYSTEM32\dbgcore.DLL
0x00007ff91f8a0000 - 0x00007ff91f922000 	C:\Windows\System32\bcryptPrimitives.dll
0x00007ff90cb10000 - 0x00007ff90cb4b000 	C:\Program Files\Java\jdk-17\bin\jdwp.dll
0x00007ff90c470000 - 0x00007ff90c495000 	C:\Program Files\Java\jdk-17\bin\java.dll
0x00007ff8ed490000 - 0x00007ff8ed567000 	C:\Program Files\Java\jdk-17\bin\jsvml.dll
0x00007ff920f50000 - 0x00007ff9216c0000 	C:\Windows\System32\SHELL32.dll
0x00007ff91d870000 - 0x00007ff91e015000 	C:\Windows\SYSTEM32\windows.storage.dll
0x00007ff921dd0000 - 0x00007ff922124000 	C:\Windows\System32\combase.dll
0x00007ff91f1c0000 - 0x00007ff91f1eb000 	C:\Windows\SYSTEM32\Wldp.dll
0x00007ff921c60000 - 0x00007ff921d2d000 	C:\Windows\System32\OLEAUT32.dll
0x00007ff9203a0000 - 0x00007ff92044d000 	C:\Windows\System32\SHCORE.dll
0x00007ff920950000 - 0x00007ff9209ab000 	C:\Windows\System32\shlwapi.dll
0x00007ff91f730000 - 0x00007ff91f754000 	C:\Windows\SYSTEM32\profapi.dll
0x00007ff919d20000 - 0x00007ff919d2c000 	C:\Program Files\Java\jdk-17\bin\dt_socket.dll
0x00007ff91ec00000 - 0x00007ff91ec3b000 	C:\Windows\SYSTEM32\IPHLPAPI.DLL
0x00007ff91ef20000 - 0x00007ff91ef8a000 	C:\Windows\system32\mswsock.dll
0x00007ff8fd080000 - 0x00007ff8fd099000 	C:\Program Files\Java\jdk-17\bin\net.dll
0x00007ff91c8c0000 - 0x00007ff91c9ca000 	C:\Windows\SYSTEM32\WINHTTP.dll
0x00007ff8f9150000 - 0x00007ff8f9166000 	C:\Program Files\Java\jdk-17\bin\nio.dll
0x00007ff8f7800000 - 0x00007ff8f7818000 	C:\Program Files\Java\jdk-17\bin\zip.dll
0x00007ff8f5470000 - 0x00007ff8f547a000 	C:\Program Files\Java\jdk-17\bin\management.dll
0x00007ff8f5460000 - 0x00007ff8f546b000 	C:\Program Files\Java\jdk-17\bin\management_ext.dll
0x00007ff8f5450000 - 0x00007ff8f545e000 	C:\Program Files\Java\jdk-17\bin\sunmscapi.dll
0x00007ff91fa60000 - 0x00007ff91fbbd000 	C:\Windows\System32\CRYPT32.dll
0x00007ff91f250000 - 0x00007ff91f277000 	C:\Windows\SYSTEM32\ncrypt.dll
0x00007ff91f210000 - 0x00007ff91f24b000 	C:\Windows\SYSTEM32\NTASN1.dll
0x00007ff91f110000 - 0x00007ff91f128000 	C:\Windows\SYSTEM32\CRYPTSP.dll
0x00007ff91e840000 - 0x00007ff91e878000 	C:\Windows\system32\rsaenh.dll
0x00007ff91f6b0000 - 0x00007ff91f6de000 	C:\Windows\SYSTEM32\USERENV.dll
0x00007ff91f130000 - 0x00007ff91f13c000 	C:\Windows\SYSTEM32\CRYPTBASE.dll
0x00007ff920450000 - 0x00007ff920458000 	C:\Windows\System32\NSI.dll
0x00007ff916c60000 - 0x00007ff916c77000 	C:\Windows\SYSTEM32\dhcpcsvc6.DLL
0x00007ff9173b0000 - 0x00007ff9173cd000 	C:\Windows\SYSTEM32\dhcpcsvc.DLL
0x00007ff91ec40000 - 0x00007ff91ed0a000 	C:\Windows\SYSTEM32\DNSAPI.dll
0x00007ff8fd2c0000 - 0x00007ff8fd2d7000 	C:\Windows\system32\napinsp.dll
0x00007ff8fd2a0000 - 0x00007ff8fd2bb000 	C:\Windows\system32\pnrpnsp.dll
0x00007ff8fd280000 - 0x00007ff8fd29d000 	C:\Windows\system32\wshbth.dll
0x00007ff91c890000 - 0x00007ff91c8ad000 	C:\Windows\system32\NLAapi.dll
0x00007ff8fd260000 - 0x00007ff8fd272000 	C:\Windows\System32\winrnr.dll
0x00007ff916bd0000 - 0x00007ff916bda000 	C:\Windows\System32\rasadhlp.dll
0x00007ff9146c0000 - 0x00007ff914740000 	C:\Windows\System32\fwpuclnt.dll

dbghelp: loaded successfully - version: 4.0.5 - missing functions: none
symbol engine: initialized successfully - sym options: 0x614 - pdb path: .;C:\Program Files\Java\jdk-17\bin;C:\Windows\SYSTEM32;C:\Windows\WinSxS\amd64_microsoft.windows.common-controls_6595b64144ccf1df_6.0.19041.6456_none_60b8a6cb71f64256;C:\Program Files\Java\jdk-17\bin\server

VM Arguments:
jvm_args: -agentlib:jdwp=transport=dt_socket,server=n,address=57442 
java_command: vPerez.ProgramacionNCapasNov2025.ProgramacionNCapasNov2025Application
java_class_path (initial): C:\Users\prvj1\Documents\NetBeansProjects\API-Rest\target\classes;C:\Users\prvj1\.m2\repository\org\springframework\boot\spring-boot-starter-web\3.5.7\spring-boot-starter-web-3.5.7.jar;C:\Users\prvj1\.m2\repository\org\springframework\boot\spring-boot-starter\3.5.7\spring-boot-starter-3.5.7.jar;C:\Users\prvj1\.m2\repository\org\springframework\boot\spring-boot-starter-logging\3.5.7\spring-boot-starter-logging-3.5.7.jar;C:\Users\prvj1\.m2\repository\ch\qos\logback\logback-classic\1.5.20\logback-classic-1.5.20.jar;C:\Users\prvj1\.m2\repository\ch\qos\logback\logback-core\1.5.20\logback-core-1.5.20.jar;C:\Users\prvj1\.m2\repository\org\apache\logging\log4j\log4j-to-slf4j\2.24.3\log4j-to-slf4j-2.24.3.jar;C:\Users\prvj1\.m2\repository\org\slf4j\jul-to-slf4j\2.0.17\jul-to-slf4j-2.0.17.jar;C:\Users\prvj1\.m2\repository\jakarta\annotation\jakarta.annotation-api\2.1.1\jakarta.annotation-api-2.1.1.jar;C:\Users\prvj1\.m2\repository\org\yaml\snakeyaml\2.4\snakeyaml-2.4.jar;C:\Users\prvj1\.m2\repository\org\springframework\boot\spring-boot-starter-json\3.5.7\spring-boot-starter-json-3.5.7.jar;C:\Users\prvj1\.m2\repository\com\fasterxml\jackson\core\jackson-databind\2.19.2\jackson-databind-2.19.2.jar;C:\Users\prvj1\.m2\repository\com\fasterxml\jackson\core\jackson-annotations\2.19.2\jackson-annotations-2.19.2.jar;C:\Users\prvj1\.m2\repository\com\fasterxml\jackson\core\jackson-core\2.19.2\jackson-core-2.19.2.jar;C:\Users\prvj1\.m2\repository\com\fasterxml\jackson\datatype\jackson-datatype-jdk8\2.19.2\jackson-datatype-jdk8-2.19.2.jar;C:\Users\prvj1\.m2\repository\com\fasterxml\jackson\datatype\jackson-datatype-jsr310\2.19.2\jackson-datatype-jsr310-2.19.2.jar;C:\Users\prvj1\.m2\repository\com\fasterxml\jackson\module\jackson-module-parameter-names\2.19.2\jackson-module-parameter-names-2.19.2.jar;C:\Users\prvj1\.m2\repository\org\springframework\boot\spring-boot-starter-tomcat\3.5.7\spring-boot-starter-tomcat-3.5.7.jar;C:\Users\prvj1\.m2\repository\org\a
Launcher Type: SUN_STANDARD

[Global flags]
     intx CICompilerCount                          = 3                                         {product} {ergonomic}
     uint ConcGCThreads                            = 1                                         {product} {ergonomic}
     uint G1ConcRefinementThreads                  = 4                                         {product} {ergonomic}
   size_t G1HeapRegionSize                         = 1048576                                   {product} {ergonomic}
    uintx GCDrainStackTargetSize                   = 64                                        {product} {ergonomic}
   size_t InitialHeapSize                          = 123731968                                 {product} {ergonomic}
   size_t MarkStackSize                            = 4194304                                   {product} {ergonomic}
   size_t MaxHeapSize                              = 1977614336                                {product} {ergonomic}
   size_t MaxNewSize                               = 1185939456                                {product} {ergonomic}
   size_t MinHeapDeltaBytes                        = 1048576                                   {product} {ergonomic}
   size_t MinHeapSize                              = 8388608                                   {product} {ergonomic}
    uintx NonNMethodCodeHeapSize                   = 5832780                                {pd product} {ergonomic}
    uintx NonProfiledCodeHeapSize                  = 122912730                              {pd product} {ergonomic}
    uintx ProfiledCodeHeapSize                     = 122912730                              {pd product} {ergonomic}
    uintx ReservedCodeCacheSize                    = 251658240                              {pd product} {ergonomic}
     bool SegmentedCodeCache                       = true                                      {product} {ergonomic}
   size_t SoftMaxHeapSize                          = 1977614336                             {manageable} {ergonomic}
     bool UseCompressedClassPointers               = true                           {product lp64_product} {ergonomic}
     bool UseCompressedOops                        = true                           {product lp64_product} {ergonomic}
     bool UseG1GC                                  = true                                      {product} {ergonomic}
     bool UseLargePagesIndividualAllocation        = false                                  {pd product} {ergonomic}

Logging:
Log output configuration:
 #0: stdout all=warning uptime,level,tags
 #1: stderr all=off uptime,level,tags

Environment Variables:
JAVA_HOME=C:\Program Files\Java\jdk-17
PATH=C:\oracle-installer\WINDOWS.X64_193000_db_home\bin;C:\Program Files\Common Files\Oracle\Java\javapath;C:\Windows\system32;C:\Windows;C:\Windows\System32\Wbem;C:\Windows\System32\WindowsPowerShell\v1.0\;C:\Windows\System32\OpenSSH\;C:\Users\prvj1\AppData\Local\Microsoft\WindowsApps;
USERNAME=prvj1
OS=Windows_NT
PROCESSOR_IDENTIFIER=AMD64 Family 23 Model 96 Stepping 1, AuthenticAMD



---------------  S Y S T E M  ---------------

OS:
 Windows 10 , 64 bit Build 19041 (10.0.19041.5915)
OS uptime: 0 days 5:58 hours

CPU: total 4 (initial active 4) (4 cores per cpu, 1 threads per core) family 23 model 96 stepping 1 microcode 0x0, cx8, cmov, fxsr, mmx, 3dnowpref, sse, sse2, sse3, ssse3, sse4a, sse4.1, sse4.2, popcnt, lzcnt, tsc, tscinvbit, avx, avx2, aes, clmul, bmi1, bmi2, adx, sha, fma, vzeroupper, clflush, clflushopt

Memory: 4k page, system-wide physical 7540M (286M free)
TotalPageFile size 11540M (AvailPageFile size 5M)
current process WorkingSet (physical memory assigned to process): 248M, peak: 249M
current process commit charge ("private bytes"): 279M, peak: 280M

vm_info: Java HotSpot(TM) 64-Bit Server VM (17.0.12+8-LTS-286) for windows-amd64 JRE (17.0.12+8-LTS-286), built on Jun  5 2024 06:46:59 by "mach5one" with MS VC++ 17.6 (VS2022)

END.
