#
# There is insufficient memory for the Java Runtime Environment to continue.
# Native memory allocation (mmap) failed to map 56623104 bytes for G1 virtual space
# Possible reasons:
#   The system is out of physical RAM or swap space
#   The process is running with CompressedOops enabled, and the Java Heap may be blocking the growth of the native heap
# Possible solutions:
#   Reduce memory load on the system
#   Increase physical memory or swap space
#   Check if swap backing store is full
#   Decrease Java heap size (-Xmx/-Xms)
#   Decrease number of Java threads
#   Decrease Java thread stack sizes (-Xss)
#   Set larger code cache with -XX:ReservedCodeCacheSize=
#   JVM is running with Unscaled Compressed Oops mode in which the Java heap is
#     placed in the first 4GB address space. The Java Heap base address is the
#     maximum limit for the native heap growth. Please use -XX:HeapBaseMinAddress
#     to set the Java Heap base and to place the Java Heap above 4GB virtual address.
# This output file may be truncated or incomplete.
#
#  Out of Memory Error (os_windows.cpp:3548), pid=11604, tid=8436
#
# JRE version: Java(TM) SE Runtime Environment (17.0.12+8) (build 17.0.12+8-LTS-286)
# Java VM: Java HotSpot(TM) 64-Bit Server VM (17.0.12+8-LTS-286, mixed mode, sharing, tiered, compressed oops, compressed class ptrs, g1 gc, windows-amd64)
# No core dump will be written. Minidumps are not enabled by default on client versions of Windows
#

---------------  S U M M A R Y ------------

Command Line: C:\Users\prvj1\AppData\Local\Temp\surefire5575021051725261282\surefirebooter-20251231154346096_3.jar C:\Users\prvj1\AppData\Local\Temp\surefire5575021051725261282 2025-12-31T15-43-45_863-jvmRun1 surefire-20251231154346096_1tmp surefire_0-20251231154346096_2tmp

Host: AMD Ryzen 3 4300U with Radeon Graphics         , 4 cores, 7G,  Windows 10 , 64 bit Build 19041 (10.0.19041.5915)
Time: Wed Dec 31 15:43:50 2025 Hora estándar central (México) elapsed time: 4.249179 seconds (0d 0h 0m 4s)

---------------  T H R E A D  ---------------

Current thread (0x000001a7648b9ba0):  VMThread "VM Thread" [stack: 0x0000007965b00000,0x0000007965c00000] [id=8436]

Stack: [0x0000007965b00000,0x0000007965c00000]
Native frames: (J=compiled Java code, j=interpreted, Vv=VM code, C=native code)
V  [jvm.dll+0x67a04a]
V  [jvm.dll+0x7da4ed]
V  [jvm.dll+0x7dbe33]
V  [jvm.dll+0x7dc4a3]
V  [jvm.dll+0x24508f]
V  [jvm.dll+0x677089]
V  [jvm.dll+0x66bd32]
V  [jvm.dll+0x301fa6]
V  [jvm.dll+0x309546]
V  [jvm.dll+0x359d2e]
V  [jvm.dll+0x359f5f]
V  [jvm.dll+0x2d9078]
V  [jvm.dll+0x2d74ad]
V  [jvm.dll+0x2d6afc]
V  [jvm.dll+0x31a65b]
V  [jvm.dll+0x7e0d9b]
V  [jvm.dll+0x7e1ad4]
V  [jvm.dll+0x7e1fed]
V  [jvm.dll+0x7e23c4]
V  [jvm.dll+0x7e2490]
V  [jvm.dll+0x78abea]
V  [jvm.dll+0x678f35]
C  [ucrtbase.dll+0x21bb2]
C  [KERNEL32.DLL+0x17374]
C  [ntdll.dll+0x4cc91]

VM_Operation (0x00000079655f9de0): G1CollectForAllocation, mode: safepoint, requested by thread 0x000001a7456068b0


---------------  P R O C E S S  ---------------

Threads class SMR info:
_java_thread_list=0x000001a76b0dc0e0, length=15, elements={
0x000001a7456068b0, 0x000001a7648c1a30, 0x000001a7648c25c0, 0x000001a7648da8d0,
0x000001a7648db5b0, 0x000001a7648dbe80, 0x000001a7648dc750, 0x000001a7648ddc10,
0x000001a7648deff0, 0x000001a764953770, 0x000001a764b32820, 0x000001a764b40fe0,
0x000001a764df4be0, 0x000001a764dadb60, 0x000001a769f342d0
}

Java Threads: ( => current thread )
  0x000001a7456068b0 JavaThread "main" [_thread_blocked, id=7712, stack(0x0000007965500000,0x0000007965600000)]
  0x000001a7648c1a30 JavaThread "Reference Handler" daemon [_thread_blocked, id=12404, stack(0x0000007965c00000,0x0000007965d00000)]
  0x000001a7648c25c0 JavaThread "Finalizer" daemon [_thread_blocked, id=9104, stack(0x0000007965d00000,0x0000007965e00000)]
  0x000001a7648da8d0 JavaThread "Signal Dispatcher" daemon [_thread_blocked, id=12752, stack(0x0000007965e00000,0x0000007965f00000)]
  0x000001a7648db5b0 JavaThread "Attach Listener" daemon [_thread_blocked, id=14096, stack(0x0000007965f00000,0x0000007966000000)]
  0x000001a7648dbe80 JavaThread "Service Thread" daemon [_thread_blocked, id=11412, stack(0x0000007966000000,0x0000007966100000)]
  0x000001a7648dc750 JavaThread "Monitor Deflation Thread" daemon [_thread_blocked, id=13316, stack(0x0000007966100000,0x0000007966200000)]
  0x000001a7648ddc10 JavaThread "C2 CompilerThread0" daemon [_thread_blocked, id=10536, stack(0x0000007966200000,0x0000007966300000)]
  0x000001a7648deff0 JavaThread "C1 CompilerThread0" daemon [_thread_blocked, id=10080, stack(0x0000007966300000,0x0000007966400000)]
  0x000001a764953770 JavaThread "Sweeper thread" daemon [_thread_blocked, id=11616, stack(0x0000007966400000,0x0000007966500000)]
  0x000001a764b32820 JavaThread "Notification Thread" daemon [_thread_blocked, id=4536, stack(0x0000007966500000,0x0000007966600000)]
  0x000001a764b40fe0 JavaThread "Common-Cleaner" daemon [_thread_blocked, id=12056, stack(0x0000007966700000,0x0000007966800000)]
  0x000001a764df4be0 JavaThread "surefire-forkedjvm-stream-flusher" daemon [_thread_blocked, id=12120, stack(0x0000007966900000,0x0000007966a00000)]
  0x000001a764dadb60 JavaThread "surefire-forkedjvm-command-thread" daemon [_thread_in_native, id=12984, stack(0x0000007966a00000,0x0000007966b00000)]
  0x000001a769f342d0 JavaThread "C2 CompilerThread1" daemon [_thread_blocked, id=10204, stack(0x0000007966800000,0x0000007966900000)]

Other Threads:
=>0x000001a7648b9ba0 VMThread "VM Thread" [stack: 0x0000007965b00000,0x0000007965c00000] [id=8436]
  0x000001a764b3ad30 WatcherThread [stack: 0x0000007966600000,0x0000007966700000] [id=13708]
  0x000001a74565c700 GCTaskThread "GC Thread#0" [stack: 0x0000007965600000,0x0000007965700000] [id=3232]
  0x000001a7691e9910 GCTaskThread "GC Thread#1" [stack: 0x0000007966b00000,0x0000007966c00000] [id=10120]
  0x000001a764e77110 GCTaskThread "GC Thread#2" [stack: 0x0000007966c00000,0x0000007966d00000] [id=11796]
  0x000001a769399230 GCTaskThread "GC Thread#3" [stack: 0x0000007966d00000,0x0000007966e00000] [id=8496]
  0x000001a74566d030 ConcurrentGCThread "G1 Main Marker" [stack: 0x0000007965700000,0x0000007965800000] [id=14320]
  0x000001a74566d850 ConcurrentGCThread "G1 Conc#0" [stack: 0x0000007965800000,0x0000007965900000] [id=14304]
  0x000001a7456d2c50 ConcurrentGCThread "G1 Refine#0" [stack: 0x0000007965900000,0x0000007965a00000] [id=11656]
  0x000001a76a64f3b0 ConcurrentGCThread "G1 Refine#1" [stack: 0x0000007966e00000,0x0000007966f00000] [id=2792]
  0x000001a76a650840 ConcurrentGCThread "G1 Refine#2" [stack: 0x0000007966f00000,0x0000007967000000] [id=7920]
  0x000001a7456d3490 ConcurrentGCThread "G1 Service" [stack: 0x0000007965a00000,0x0000007965b00000] [id=1344]

Threads with active compile tasks:

VM state: at safepoint (normal execution)

VM Mutex/Monitor currently owned by a thread:  ([mutex/lock_event])
[0x000001a745601d10] Threads_lock - owner thread: 0x000001a7648b9ba0
[0x000001a745601530] Heap_lock - owner thread: 0x000001a7456068b0

Heap address: 0x000000008a200000, size: 1886 MB, Compressed Oops mode: 32-bit

CDS archive(s) mapped at: [0x000001a700000000-0x000001a700bd0000-0x000001a700bd0000), size 12386304, SharedBaseAddress: 0x000001a700000000, ArchiveRelocationMode: 1.
Compressed class space mapped at: 0x000001a701000000-0x000001a741000000, reserved size: 1073741824
Narrow klass base: 0x000001a700000000, Narrow klass shift: 0, Narrow klass range: 0x100000000

GC Precious Log:
 CPUs: 4 total, 4 available
 Memory: 7540M
 Large Page Support: Disabled
 NUMA Support: Disabled
 Compressed Oops: Enabled (32-bit)
 Heap Region Size: 1M
 Heap Min Capacity: 8M
 Heap Initial Capacity: 118M
 Heap Max Capacity: 1886M
 Pre-touch: Disabled
 Parallel Workers: 4
 Concurrent Workers: 1
 Concurrent Refinement Workers: 4
 Periodic GC: Disabled

Heap:
 garbage-first heap   total 65536K, used 21357K [0x000000008a200000, 0x0000000100000000)
  region size 1024K, 2 young (2048K), 2 survivors (2048K)
 Metaspace       used 29709K, committed 30144K, reserved 1114112K
  class space    used 3960K, committed 4160K, reserved 1048576K

Heap Regions: E=young(eden), S=young(survivor), O=old, HS=humongous(starts), HC=humongous(continues), CS=collection set, F=free, OA=open archive, CA=closed archive, TAMS=top-at-mark-start (previous, next)
|   0|0x000000008a200000, 0x000000008a300000, 0x000000008a300000|100%|HS|  |TAMS 0x000000008a300000, 0x000000008a200000| Complete 
|   1|0x000000008a300000, 0x000000008a400000, 0x000000008a400000|100%|HS|  |TAMS 0x000000008a400000, 0x000000008a300000| Complete 
|   2|0x000000008a400000, 0x000000008a500000, 0x000000008a500000|100%| O|  |TAMS 0x000000008a500000, 0x000000008a400000| Untracked 
|   3|0x000000008a500000, 0x000000008a500000, 0x000000008a600000|  0%| F|  |TAMS 0x000000008a500000, 0x000000008a500000| Untracked 
|   4|0x000000008a600000, 0x000000008a700000, 0x000000008a700000|100%| O|  |TAMS 0x000000008a700000, 0x000000008a600000| Untracked 
|   5|0x000000008a700000, 0x000000008a800000, 0x000000008a800000|100%| O|  |TAMS 0x000000008a800000, 0x000000008a700000| Untracked 
|   6|0x000000008a800000, 0x000000008a900000, 0x000000008a900000|100%| O|  |TAMS 0x000000008a900000, 0x000000008a800000| Untracked 
|   7|0x000000008a900000, 0x000000008aa00000, 0x000000008aa00000|100%| O|  |TAMS 0x000000008aa00000, 0x000000008a900000| Untracked 
|   8|0x000000008aa00000, 0x000000008ab00000, 0x000000008ab00000|100%| O|  |TAMS 0x000000008ab00000, 0x000000008aa00000| Untracked 
|   9|0x000000008ab00000, 0x000000008abe0e00, 0x000000008ac00000| 87%| O|  |TAMS 0x000000008abe0e00, 0x000000008ab00000| Untracked 
|  10|0x000000008ac00000, 0x000000008ad00000, 0x000000008ad00000|100%| O|  |TAMS 0x000000008ac00000, 0x000000008ac00000| Untracked 
|  11|0x000000008ad00000, 0x000000008ae00000, 0x000000008ae00000|100%| O|  |TAMS 0x000000008ad00000, 0x000000008ad00000| Untracked 
|  12|0x000000008ae00000, 0x000000008af00000, 0x000000008af00000|100%| O|  |TAMS 0x000000008ae00000, 0x000000008ae00000| Untracked 
|  13|0x000000008af00000, 0x000000008b000000, 0x000000008b000000|100%| O|  |TAMS 0x000000008af00000, 0x000000008af00000| Untracked 
|  14|0x000000008b000000, 0x000000008b100000, 0x000000008b100000|100%| O|  |TAMS 0x000000008b000000, 0x000000008b000000| Untracked 
|  15|0x000000008b100000, 0x000000008b200000, 0x000000008b200000|100%| O|  |TAMS 0x000000008b100000, 0x000000008b100000| Untracked 
|  16|0x000000008b200000, 0x000000008b300000, 0x000000008b300000|100%| O|  |TAMS 0x000000008b200000, 0x000000008b200000| Untracked 
|  17|0x000000008b300000, 0x000000008b400000, 0x000000008b400000|100%| O|  |TAMS 0x000000008b300000, 0x000000008b300000| Untracked 
|  18|0x000000008b400000, 0x000000008b500000, 0x000000008b500000|100%| O|  |TAMS 0x000000008b400000, 0x000000008b400000| Untracked 
|  19|0x000000008b500000, 0x000000008b600000, 0x000000008b600000|100%| O|  |TAMS 0x000000008b500000, 0x000000008b500000| Untracked 
|  20|0x000000008b600000, 0x000000008b66ee00, 0x000000008b700000| 43%| O|  |TAMS 0x000000008b600000, 0x000000008b600000| Untracked 
|  21|0x000000008b700000, 0x000000008b700000, 0x000000008b800000|  0%| F|  |TAMS 0x000000008b700000, 0x000000008b700000| Untracked 
|  22|0x000000008b800000, 0x000000008b800000, 0x000000008b900000|  0%| F|  |TAMS 0x000000008b800000, 0x000000008b800000| Untracked 
|  23|0x000000008b900000, 0x000000008b900000, 0x000000008ba00000|  0%| F|  |TAMS 0x000000008b900000, 0x000000008b900000| Untracked 
|  24|0x000000008ba00000, 0x000000008ba00000, 0x000000008bb00000|  0%| F|  |TAMS 0x000000008ba00000, 0x000000008ba00000| Untracked 
|  25|0x000000008bb00000, 0x000000008bb00000, 0x000000008bc00000|  0%| F|  |TAMS 0x000000008bb00000, 0x000000008bb00000| Untracked 
|  26|0x000000008bc00000, 0x000000008bc00000, 0x000000008bd00000|  0%| F|  |TAMS 0x000000008bc00000, 0x000000008bc00000| Untracked 
|  27|0x000000008bd00000, 0x000000008bd00000, 0x000000008be00000|  0%| F|  |TAMS 0x000000008bd00000, 0x000000008bd00000| Untracked 
|  28|0x000000008be00000, 0x000000008be00000, 0x000000008bf00000|  0%| F|  |TAMS 0x000000008be00000, 0x000000008be00000| Untracked 
|  29|0x000000008bf00000, 0x000000008bf00000, 0x000000008c000000|  0%| F|  |TAMS 0x000000008bf00000, 0x000000008bf00000| Untracked 
|  30|0x000000008c000000, 0x000000008c000000, 0x000000008c100000|  0%| F|  |TAMS 0x000000008c000000, 0x000000008c000000| Untracked 
|  31|0x000000008c100000, 0x000000008c100000, 0x000000008c200000|  0%| F|  |TAMS 0x000000008c100000, 0x000000008c100000| Untracked 
|  32|0x000000008c200000, 0x000000008c200000, 0x000000008c300000|  0%| F|  |TAMS 0x000000008c200000, 0x000000008c200000| Untracked 
|  33|0x000000008c300000, 0x000000008c300000, 0x000000008c400000|  0%| F|  |TAMS 0x000000008c300000, 0x000000008c300000| Untracked 
|  34|0x000000008c400000, 0x000000008c400000, 0x000000008c500000|  0%| F|  |TAMS 0x000000008c400000, 0x000000008c400000| Untracked 
|  35|0x000000008c500000, 0x000000008c500000, 0x000000008c600000|  0%| F|  |TAMS 0x000000008c500000, 0x000000008c500000| Untracked 
|  36|0x000000008c600000, 0x000000008c600000, 0x000000008c700000|  0%| F|  |TAMS 0x000000008c600000, 0x000000008c600000| Untracked 
|  37|0x000000008c700000, 0x000000008c700000, 0x000000008c800000|  0%| F|  |TAMS 0x000000008c700000, 0x000000008c700000| Untracked 
|  38|0x000000008c800000, 0x000000008c88b800, 0x000000008c900000| 54%| S|CS|TAMS 0x000000008c800000, 0x000000008c800000| Complete 
|  39|0x000000008c900000, 0x000000008ca00000, 0x000000008ca00000|100%| S|CS|TAMS 0x000000008c900000, 0x000000008c900000| Complete 
|  40|0x000000008ca00000, 0x000000008ca00000, 0x000000008cb00000|  0%| F|  |TAMS 0x000000008ca00000, 0x000000008ca00000| Untracked 
|  41|0x000000008cb00000, 0x000000008cb00000, 0x000000008cc00000|  0%| F|  |TAMS 0x000000008cb00000, 0x000000008cb00000| Untracked 
|  42|0x000000008cc00000, 0x000000008cc00000, 0x000000008cd00000|  0%| F|  |TAMS 0x000000008cc00000, 0x000000008cc00000| Untracked 
|  43|0x000000008cd00000, 0x000000008cd00000, 0x000000008ce00000|  0%| F|  |TAMS 0x000000008cd00000, 0x000000008cd00000| Untracked 
|  44|0x000000008ce00000, 0x000000008ce00000, 0x000000008cf00000|  0%| F|  |TAMS 0x000000008ce00000, 0x000000008ce00000| Untracked 
|  45|0x000000008cf00000, 0x000000008cf00000, 0x000000008d000000|  0%| F|  |TAMS 0x000000008cf00000, 0x000000008cf00000| Untracked 
|  46|0x000000008d000000, 0x000000008d000000, 0x000000008d100000|  0%| F|  |TAMS 0x000000008d000000, 0x000000008d000000| Untracked 
|  47|0x000000008d100000, 0x000000008d100000, 0x000000008d200000|  0%| F|  |TAMS 0x000000008d100000, 0x000000008d100000| Untracked 
|  48|0x000000008d200000, 0x000000008d200000, 0x000000008d300000|  0%| F|  |TAMS 0x000000008d200000, 0x000000008d200000| Untracked 
|  49|0x000000008d300000, 0x000000008d300000, 0x000000008d400000|  0%| F|  |TAMS 0x000000008d300000, 0x000000008d300000| Untracked 
|  50|0x000000008d400000, 0x000000008d400000, 0x000000008d500000|  0%| F|  |TAMS 0x000000008d400000, 0x000000008d400000| Untracked 
|  51|0x000000008d500000, 0x000000008d500000, 0x000000008d600000|  0%| F|  |TAMS 0x000000008d500000, 0x000000008d500000| Untracked 
|  52|0x000000008d600000, 0x000000008d600000, 0x000000008d700000|  0%| F|  |TAMS 0x000000008d600000, 0x000000008d600000| Untracked 
|  53|0x000000008d700000, 0x000000008d700000, 0x000000008d800000|  0%| F|  |TAMS 0x000000008d700000, 0x000000008d700000| Untracked 
|  54|0x000000008d800000, 0x000000008d800000, 0x000000008d900000|  0%| F|  |TAMS 0x000000008d800000, 0x000000008d800000| Untracked 
|  55|0x000000008d900000, 0x000000008d900000, 0x000000008da00000|  0%| F|  |TAMS 0x000000008d900000, 0x000000008d900000| Untracked 
|  56|0x000000008da00000, 0x000000008da00000, 0x000000008db00000|  0%| F|  |TAMS 0x000000008da00000, 0x000000008da00000| Untracked 
|  57|0x000000008db00000, 0x000000008db00000, 0x000000008dc00000|  0%| F|  |TAMS 0x000000008db00000, 0x000000008db00000| Untracked 
|  58|0x000000008dc00000, 0x000000008dc00000, 0x000000008dd00000|  0%| F|  |TAMS 0x000000008dc00000, 0x000000008dc00000| Untracked 
|  59|0x000000008dd00000, 0x000000008dd00000, 0x000000008de00000|  0%| F|  |TAMS 0x000000008dd00000, 0x000000008dd00000| Untracked 
|  60|0x000000008de00000, 0x000000008de00000, 0x000000008df00000|  0%| F|  |TAMS 0x000000008de00000, 0x000000008de00000| Untracked 
|  61|0x000000008df00000, 0x000000008df00000, 0x000000008e000000|  0%| F|  |TAMS 0x000000008df00000, 0x000000008df00000| Untracked 
| 116|0x0000000091600000, 0x0000000091600000, 0x0000000091700000|  0%| F|  |TAMS 0x0000000091600000, 0x0000000091600000| Untracked 
| 117|0x0000000091700000, 0x0000000091700000, 0x0000000091800000|  0%| F|  |TAMS 0x0000000091700000, 0x0000000091700000| Untracked 

Card table byte_map: [0x000001a75e090000,0x000001a75e440000] _byte_map_base: 0x000001a75dc3f000

Marking Bits (Prev, Next): (CMBitMap*) 0x000001a74565db80, (CMBitMap*) 0x000001a74565db40
 Prev Bits: [0x000001a760570000, 0x000001a7622e8000)
 Next Bits: [0x000001a75e7f0000, 0x000001a760568000)

Polling page: 0x000001a7456e0000

Metaspace:

Usage:
  Non-class:     25.15 MB used.
      Class:      3.87 MB used.
       Both:     29.01 MB used.

Virtual space:
  Non-class space:       64.00 MB reserved,      25.38 MB ( 40%) committed,  1 nodes.
      Class space:        1.00 GB reserved,       4.06 MB ( <1%) committed,  1 nodes.
             Both:        1.06 GB reserved,      29.44 MB (  3%) committed. 

Chunk freelists:
   Non-Class:  5.97 MB
       Class:  11.95 MB
        Both:  17.92 MB

MaxMetaspaceSize: unlimited
CompressedClassSpaceSize: 1.00 GB
Initial GC threshold: 21.00 MB
Current GC threshold: 35.12 MB
CDS: on
MetaspaceReclaimPolicy: balanced
 - commit_granule_bytes: 65536.
 - commit_granule_words: 8192.
 - virtual_space_node_default_size: 8388608.
 - enlarge_chunks_in_place: 1.
 - new_chunks_are_fully_committed: 0.
 - uncommit_free_chunks: 1.
 - use_allocation_guard: 0.
 - handle_deallocations: 1.


Internal statistics:

num_allocs_failed_limit: 3.
num_arena_births: 468.
num_arena_deaths: 0.
num_vsnodes_births: 2.
num_vsnodes_deaths: 0.
num_space_committed: 471.
num_space_uncommitted: 0.
num_chunks_returned_to_freelist: 3.
num_chunks_taken_from_freelist: 1570.
num_chunk_merges: 3.
num_chunk_splits: 1081.
num_chunks_enlarged: 818.
num_inconsistent_stats: 0.

CodeHeap 'non-profiled nmethods': size=120000Kb used=1907Kb max_used=1907Kb free=118092Kb
 bounds [0x000001a756190000, 0x000001a756400000, 0x000001a75d6c0000]
CodeHeap 'profiled nmethods': size=120000Kb used=7403Kb max_used=7403Kb free=112596Kb
 bounds [0x000001a74e6c0000, 0x000001a74ee00000, 0x000001a755bf0000]
CodeHeap 'non-nmethods': size=5760Kb used=1221Kb max_used=1280Kb free=4538Kb
 bounds [0x000001a755bf0000, 0x000001a755e60000, 0x000001a756190000]
 total_blobs=4098 nmethods=3572 adapters=437
 compilation: enabled
              stopped_count=0, restarted_count=0
 full_count=0

Compilation events (20 events):
Event: 4.217 Thread 0x000001a769f342d0 nmethod 3520 0x000001a75635c010 code [0x000001a75635c180, 0x000001a75635c1d8]
Event: 4.217 Thread 0x000001a769f342d0 3326       4       org.springframework.util.ClassUtils::resolvePrimitiveIfNecessary (37 bytes)
Event: 4.220 Thread 0x000001a769f342d0 nmethod 3326 0x000001a75635c310 code [0x000001a75635c4c0, 0x000001a75635c748]
Event: 4.220 Thread 0x000001a769f342d0 3373       4       java.util.HashSet::contains (9 bytes)
Event: 4.227 Thread 0x000001a7648deff0 3569       3       java.lang.invoke.InvokerBytecodeGenerator::addMethod (725 bytes)
Event: 4.227 Thread 0x000001a769f342d0 nmethod 3373 0x000001a75635cd10 code [0x000001a75635cf00, 0x000001a75635dad8]
Event: 4.227 Thread 0x000001a769f342d0 3570       4       java.lang.invoke.LambdaForm$Name::useCount (51 bytes)
Event: 4.228 Thread 0x000001a7648deff0 nmethod 3569 0x000001a74edf5e10 code [0x000001a74edf6340, 0x000001a74edf8798]
Event: 4.228 Thread 0x000001a7648deff0 3573       3       java.lang.invoke.LambdaFormBuffer::growNames (281 bytes)
Event: 4.229 Thread 0x000001a7648deff0 nmethod 3573 0x000001a74edf9410 code [0x000001a74edf96c0, 0x000001a74edfa7b8]
Event: 4.229 Thread 0x000001a769f342d0 nmethod 3570 0x000001a75635e610 code [0x000001a75635e780, 0x000001a75635e8f8]
Event: 4.229 Thread 0x000001a769f342d0 3397       4       java.lang.reflect.Method::getParameterCount (6 bytes)
Event: 4.229 Thread 0x000001a769f342d0 nmethod 3397 0x000001a75635ea10 code [0x000001a75635eb80, 0x000001a75635ec18]
Event: 4.229 Thread 0x000001a769f342d0 3368       4       org.springframework.core.ResolvableType$1::getGenerics (4 bytes)
Event: 4.229 Thread 0x000001a769f342d0 nmethod 3368 0x000001a75635ed10 code [0x000001a75635ee80, 0x000001a75635eef8]
Event: 4.229 Thread 0x000001a769f342d0 3470       4       java.lang.Long::bitCount (61 bytes)
Event: 4.230 Thread 0x000001a769f342d0 nmethod 3470 0x000001a75635f010 code [0x000001a75635f180, 0x000001a75635f258]
Event: 4.234 Thread 0x000001a769f342d0 3575       4       sun.net.www.ParseUtil::encodePath (41 bytes)
Event: 4.236 Thread 0x000001a769f342d0 nmethod 3575 0x000001a75635f310 code [0x000001a75635f4a0, 0x000001a75635f6e8]
Event: 4.239 Thread 0x000001a7648ddc10 nmethod 3324 0x000001a75635f910 code [0x000001a756360220, 0x000001a756367cc8]

GC Heap History (13 events):
Event: 0.309 GC heap before
{Heap before GC invocations=0 (full 0):
 garbage-first heap   total 120832K, used 14336K [0x000000008a200000, 0x0000000100000000)
  region size 1024K, 13 young (13312K), 0 survivors (0K)
 Metaspace       used 1928K, committed 2048K, reserved 1114112K
  class space    used 182K, committed 256K, reserved 1048576K
}
Event: 0.318 GC heap after
{Heap after GC invocations=1 (full 0):
 garbage-first heap   total 120832K, used 10129K [0x000000008a200000, 0x0000000100000000)
  region size 1024K, 2 young (2048K), 2 survivors (2048K)
 Metaspace       used 1928K, committed 2048K, reserved 1114112K
  class space    used 182K, committed 256K, reserved 1048576K
}
Event: 0.690 GC heap before
{Heap before GC invocations=1 (full 0):
 garbage-first heap   total 120832K, used 18321K [0x000000008a200000, 0x0000000100000000)
  region size 1024K, 10 young (10240K), 2 survivors (2048K)
 Metaspace       used 3677K, committed 3776K, reserved 1114112K
  class space    used 404K, committed 448K, reserved 1048576K
}
Event: 0.694 GC heap after
{Heap after GC invocations=2 (full 0):
 garbage-first heap   total 120832K, used 11371K [0x000000008a200000, 0x0000000100000000)
  region size 1024K, 2 young (2048K), 2 survivors (2048K)
 Metaspace       used 3677K, committed 3776K, reserved 1114112K
  class space    used 404K, committed 448K, reserved 1048576K
}
Event: 1.218 GC heap before
{Heap before GC invocations=2 (full 0):
 garbage-first heap   total 120832K, used 28779K [0x000000008a200000, 0x0000000100000000)
  region size 1024K, 19 young (19456K), 2 survivors (2048K)
 Metaspace       used 8291K, committed 8576K, reserved 1114112K
  class space    used 1025K, committed 1152K, reserved 1048576K
}
Event: 1.224 GC heap after
{Heap after GC invocations=3 (full 0):
 garbage-first heap   total 120832K, used 12717K [0x000000008a200000, 0x0000000100000000)
  region size 1024K, 3 young (3072K), 3 survivors (3072K)
 Metaspace       used 8291K, committed 8576K, reserved 1114112K
  class space    used 1025K, committed 1152K, reserved 1048576K
}
Event: 2.913 GC heap before
{Heap before GC invocations=3 (full 0):
 garbage-first heap   total 120832K, used 73133K [0x000000008a200000, 0x0000000100000000)
  region size 1024K, 64 young (65536K), 3 survivors (3072K)
 Metaspace       used 21181K, committed 21504K, reserved 1114112K
  class space    used 2867K, committed 3008K, reserved 1048576K
}
Event: 2.923 GC heap after
{Heap after GC invocations=4 (full 0):
 garbage-first heap   total 120832K, used 16991K [0x000000008a200000, 0x0000000100000000)
  region size 1024K, 7 young (7168K), 7 survivors (7168K)
 Metaspace       used 21181K, committed 21504K, reserved 1114112K
  class space    used 2867K, committed 3008K, reserved 1048576K
}
Event: 3.522 GC heap before
{Heap before GC invocations=5 (full 0):
 garbage-first heap   total 65536K, used 47711K [0x000000008a200000, 0x0000000100000000)
  region size 1024K, 38 young (38912K), 7 survivors (7168K)
 Metaspace       used 26361K, committed 26688K, reserved 1114112K
  class space    used 3518K, committed 3648K, reserved 1048576K
}
Event: 3.533 GC heap after
{Heap after GC invocations=6 (full 0):
 garbage-first heap   total 65536K, used 20032K [0x000000008a200000, 0x0000000100000000)
  region size 1024K, 4 young (4096K), 4 survivors (4096K)
 Metaspace       used 26361K, committed 26688K, reserved 1114112K
  class space    used 3518K, committed 3648K, reserved 1048576K
}
Event: 3.550 GC heap before
{Heap before GC invocations=6 (full 0):
 garbage-first heap   total 65536K, used 21056K [0x000000008a200000, 0x0000000100000000)
  region size 1024K, 5 young (5120K), 4 survivors (4096K)
 Metaspace       used 26410K, committed 26752K, reserved 1114112K
  class space    used 3524K, committed 3648K, reserved 1048576K
}
Event: 3.556 GC heap after
{Heap after GC invocations=7 (full 0):
 garbage-first heap   total 65536K, used 20464K [0x000000008a200000, 0x0000000100000000)
  region size 1024K, 1 young (1024K), 1 survivors (1024K)
 Metaspace       used 26410K, committed 26752K, reserved 1114112K
  class space    used 3524K, committed 3648K, reserved 1048576K
}
Event: 4.242 GC heap before
{Heap before GC invocations=7 (full 0):
 garbage-first heap   total 65536K, used 44016K [0x000000008a200000, 0x0000000100000000)
  region size 1024K, 24 young (24576K), 1 survivors (1024K)
 Metaspace       used 29709K, committed 30144K, reserved 1114112K
  class space    used 3960K, committed 4160K, reserved 1048576K
}

Deoptimization events (20 events):
Event: 3.591 Thread 0x000001a7456068b0 Uncommon trap: trap_request=0xffffff45 fr.pc=0x000001a75631dc68 relative=0x00000000000003a8
Event: 3.591 Thread 0x000001a7456068b0 Uncommon trap: reason=unstable_if action=reinterpret pc=0x000001a75631dc68 method=org.springframework.core.annotation.MergedAnnotationsCollection.isMappingForType(Lorg/springframework/core/annotation/AnnotationTypeMapping;Ljava/lang/Object;)Z @ 13 c2
Event: 3.591 Thread 0x000001a7456068b0 DEOPT PACKING pc=0x000001a75631dc68 sp=0x00000079655fb890
Event: 3.591 Thread 0x000001a7456068b0 DEOPT UNPACKING pc=0x000001a755c423a3 sp=0x00000079655fb7c0 mode 2
Event: 3.946 Thread 0x000001a7456068b0 DEOPT PACKING pc=0x000001a74ec7b866 sp=0x00000079655fb790
Event: 3.946 Thread 0x000001a7456068b0 DEOPT UNPACKING pc=0x000001a755c42b43 sp=0x00000079655fac58 mode 0
Event: 3.947 Thread 0x000001a7456068b0 DEOPT PACKING pc=0x000001a74ec7b866 sp=0x00000079655fb790
Event: 3.947 Thread 0x000001a7456068b0 DEOPT UNPACKING pc=0x000001a755c42b43 sp=0x00000079655fac58 mode 0
Event: 3.963 Thread 0x000001a7456068b0 Uncommon trap: trap_request=0xffffff45 fr.pc=0x000001a7563383c4 relative=0x00000000000005e4
Event: 3.963 Thread 0x000001a7456068b0 Uncommon trap: reason=unstable_if action=reinterpret pc=0x000001a7563383c4 method=org.springframework.beans.factory.support.AbstractBeanFactory.getMergedLocalBeanDefinition(Ljava/lang/String;)Lorg/springframework/beans/factory/support/RootBeanDefinition; 
Event: 3.963 Thread 0x000001a7456068b0 DEOPT PACKING pc=0x000001a7563383c4 sp=0x00000079655fb570
Event: 3.963 Thread 0x000001a7456068b0 DEOPT UNPACKING pc=0x000001a755c423a3 sp=0x00000079655fb528 mode 2
Event: 4.026 Thread 0x000001a7456068b0 DEOPT PACKING pc=0x000001a74ec7b866 sp=0x00000079655fb790
Event: 4.026 Thread 0x000001a7456068b0 DEOPT UNPACKING pc=0x000001a755c42b43 sp=0x00000079655fac58 mode 0
Event: 4.027 Thread 0x000001a7456068b0 DEOPT PACKING pc=0x000001a74ec7b866 sp=0x00000079655fb790
Event: 4.027 Thread 0x000001a7456068b0 DEOPT UNPACKING pc=0x000001a755c42b43 sp=0x00000079655fac58 mode 0
Event: 4.227 Thread 0x000001a7456068b0 Uncommon trap: trap_request=0xffffff45 fr.pc=0x000001a756271c30 relative=0x0000000000000210
Event: 4.227 Thread 0x000001a7456068b0 Uncommon trap: reason=unstable_if action=reinterpret pc=0x000001a756271c30 method=jdk.internal.org.objectweb.asm.Frame.push(I)V @ 26 c2
Event: 4.227 Thread 0x000001a7456068b0 DEOPT PACKING pc=0x000001a756271c30 sp=0x00000079655f9f30
Event: 4.227 Thread 0x000001a7456068b0 DEOPT UNPACKING pc=0x000001a755c423a3 sp=0x00000079655f9ed8 mode 2

Classes unloaded (0 events):
No events

Classes redefined (0 events):
No events

Internal exceptions (20 events):
Event: 2.350 Thread 0x000001a7456068b0 Exception <a 'java/lang/NoSuchMethodError'{0x000000008f853d78}: 'java.lang.Object java.lang.invoke.DirectMethodHandle$Holder.invokeSpecial(java.lang.Object, java.lang.Object, java.lang.Object, java.lang.Object, java.lang.Object, java.lang.Object, java.lang.Object, java.lang.Object, java.lang.Object)'> (0x000000008f853d78) 
thrown [s\open\src\hotspot\share\interpreter\linkResolver.cpp, line 759]
Event: 2.351 Thread 0x000001a7456068b0 Exception <a 'java/lang/NoSuchMethodError'{0x000000008f858e98}: 'java.lang.Object java.lang.invoke.Invokers$Holder.invoke_MT(java.lang.Object, java.lang.Object, java.lang.Object, java.lang.Object, java.lang.Object, java.lang.Object, java.lang.Object, java.lang.Object, java.lang.Object)'> (0x000000008f858e98) 
thrown [s\open\src\hotspot\share\interpreter\linkResolver.cpp, line 759]
Event: 2.378 Thread 0x000001a7456068b0 Exception <a 'java/lang/IncompatibleClassChangeError'{0x000000008f8d3108}: Found class java.lang.Object, but interface was expected> (0x000000008f8d3108) 
thrown [s\open\src\hotspot\share\interpreter\linkResolver.cpp, line 826]
Event: 2.426 Thread 0x000001a76a79b310 Exception <a 'java/lang/NoSuchMethodError'{0x000000008f53b558}: 'java.lang.Object java.lang.invoke.Invokers$Holder.invoke_MT(java.lang.Object, java.lang.Object, java.lang.Object)'> (0x000000008f53b558) 
thrown [s\open\src\hotspot\share\interpreter\linkResolver.cpp, line 759]
Event: 2.640 Thread 0x000001a7456068b0 Exception <a 'sun/nio/fs/WindowsException'{0x000000008e7bf0a0}> (0x000000008e7bf0a0) 
thrown [s\open\src\hotspot\share\prims\jni.cpp, line 516]
Event: 2.641 Thread 0x000001a7456068b0 Exception <a 'sun/nio/fs/WindowsException'{0x000000008e7cbcb0}> (0x000000008e7cbcb0) 
thrown [s\open\src\hotspot\share\prims\jni.cpp, line 516]
Event: 3.198 Thread 0x000001a76a79b310 Exception <a 'java/lang/NoSuchMethodError'{0x000000008c60fa08}: 'long java.lang.invoke.DirectMethodHandle$Holder.invokeSpecial(java.lang.Object, java.lang.Object)'> (0x000000008c60fa08) 
thrown [s\open\src\hotspot\share\interpreter\linkResolver.cpp, line 759]
Event: 3.199 Thread 0x000001a76a79b310 Exception <a 'java/lang/NoSuchMethodError'{0x000000008c61a630}: 'long java.lang.invoke.DirectMethodHandle$Holder.invokeStatic(java.lang.Object, java.lang.Object)'> (0x000000008c61a630) 
thrown [s\open\src\hotspot\share\interpreter\linkResolver.cpp, line 759]
Event: 3.200 Thread 0x000001a76a79b310 Exception <a 'java/lang/NoSuchMethodError'{0x000000008c61d988}: 'long java.lang.invoke.DirectMethodHandle$Holder.invokeStaticInit(java.lang.Object, java.lang.Object)'> (0x000000008c61d988) 
thrown [s\open\src\hotspot\share\interpreter\linkResolver.cpp, line 759]
Event: 3.204 Thread 0x000001a76a79b310 Exception <a 'java/lang/NoSuchMethodError'{0x000000008c62b290}: 'long java.lang.invoke.DirectMethodHandle$Holder.invokeInterface(java.lang.Object, java.lang.Object)'> (0x000000008c62b290) 
thrown [s\open\src\hotspot\share\interpreter\linkResolver.cpp, line 759]
Event: 3.204 Thread 0x000001a76a79b310 Exception <a 'java/lang/IncompatibleClassChangeError'{0x000000008c62e578}: Found class java.lang.Object, but interface was expected> (0x000000008c62e578) 
thrown [s\open\src\hotspot\share\interpreter\linkResolver.cpp, line 826]
Event: 3.211 Thread 0x000001a76a79b310 Exception <a 'java/lang/NoSuchMethodError'{0x000000008c647bd8}: 'java.lang.Object java.lang.invoke.DirectMethodHandle$Holder.invokeVirtual(java.lang.Object, java.lang.Object, java.lang.Object, java.lang.Object)'> (0x000000008c647bd8) 
thrown [s\open\src\hotspot\share\interpreter\linkResolver.cpp, line 759]
Event: 3.980 Thread 0x000001a7456068b0 Exception <a 'sun/nio/fs/WindowsException'{0x000000008d29ba60}> (0x000000008d29ba60) 
thrown [s\open\src\hotspot\share\prims\jni.cpp, line 516]
Event: 3.980 Thread 0x000001a7456068b0 Exception <a 'sun/nio/fs/WindowsException'{0x000000008d29f640}> (0x000000008d29f640) 
thrown [s\open\src\hotspot\share\prims\jni.cpp, line 516]
Event: 4.029 Thread 0x000001a7456068b0 Exception <a 'sun/nio/fs/WindowsException'{0x000000008d049cd0}> (0x000000008d049cd0) 
thrown [s\open\src\hotspot\share\prims\jni.cpp, line 516]
Event: 4.029 Thread 0x000001a7456068b0 Exception <a 'sun/nio/fs/WindowsException'{0x000000008d04d8b0}> (0x000000008d04d8b0) 
thrown [s\open\src\hotspot\share\prims\jni.cpp, line 516]
Event: 4.227 Thread 0x000001a7456068b0 Exception <a 'java/lang/NoSuchMethodError'{0x000000008ca49550}: 'java.lang.Object java.lang.invoke.DirectMethodHandle$Holder.invokeSpecial(java.lang.Object, java.lang.Object, java.lang.Object, java.lang.Object, java.lang.Object, java.lang.Object, java.lang.Object, java.lang.Object, java.lang.Object, java.lang.Object, java.lang.Object, java.lang.Object, java.lang.Object, java.lang.Object)'> (0x000000008ca49550) 
thrown [s\open\src\hotspot\share\interpreter\linkResolver.cpp, line 759]
Event: 4.227 Thread 0x000001a7456068b0 Exception <a 'java/lang/NoSuchMethodError'{0x000000008ca4ea18}: 'java.lang.Object java.lang.invoke.Invokers$Holder.invoker(java.lang.Object, java.lang.Object, java.lang.Object, java.lang.Object, java.lang.Object, java.lang.Object, java.lang.Object, java.lang.Object, java.lang.Object, java.lang.Object, java.lang.Object, java.lang.Object, java.lang.Object, java.lang.Object)'> (0x000000008ca4ea18) 
thrown [s\open\src\hotspot\share\interpreter\linkResolver.cpp, line 759]
Event: 4.228 Thread 0x000001a7456068b0 Exception <a 'java/lang/NoSuchMethodError'{0x000000008ca54630}: 'java.lang.Object java.lang.invoke.DirectMethodHandle$Holder.invokeSpecial(java.lang.Object, java.lang.Object, java.lang.Object, java.lang.Object, java.lang.Object, java.lang.Object, java.lang.Object, java.lang.Object, java.lang.Object, java.lang.Object, java.lang.Object, java.lang.Object, java.lang.Object, java.lang.Object, java.lang.Object)'> (0x000000008ca54630) 
thrown [s\open\src\hotspot\share\interpreter\linkResolver.cpp, line 759]
Event: 4.229 Thread 0x000001a7456068b0 Exception <a 'java/lang/NoSuchMethodError'{0x000000008ca60c18}: 'int java.lang.invoke.DirectMethodHandle$Holder.invokeSpecial(java.lang.Object, java.lang.Object, int)'> (0x000000008ca60c18) 
thrown [s\open\src\hotspot\share\interpreter\linkResolver.cpp, line 759]

VM Operations (20 events):
Event: 3.533 Executing VM operation: G1CollectForAllocation done
Event: 3.550 Executing VM operation: G1CollectForAllocation
Event: 3.556 Executing VM operation: G1CollectForAllocation done
Event: 3.586 Executing VM operation: HandshakeAllThreads
Event: 3.586 Executing VM operation: HandshakeAllThreads done
Event: 3.893 Executing VM operation: ICBufferFull
Event: 3.893 Executing VM operation: ICBufferFull done
Event: 3.960 Executing VM operation: HandshakeAllThreads
Event: 3.960 Executing VM operation: HandshakeAllThreads done
Event: 3.960 Executing VM operation: HandshakeAllThreads
Event: 3.960 Executing VM operation: HandshakeAllThreads done
Event: 3.972 Executing VM operation: HandshakeAllThreads
Event: 3.973 Executing VM operation: HandshakeAllThreads done
Event: 3.974 Executing VM operation: HandshakeAllThreads
Event: 3.974 Executing VM operation: HandshakeAllThreads done
Event: 4.081 Executing VM operation: HandshakeAllThreads
Event: 4.081 Executing VM operation: HandshakeAllThreads done
Event: 4.232 Executing VM operation: HandshakeAllThreads
Event: 4.232 Executing VM operation: HandshakeAllThreads done
Event: 4.242 Executing VM operation: G1CollectForAllocation

Events (20 events):
Event: 3.359 loading class javax/security/auth/callback/CallbackHandler
Event: 3.359 loading class javax/security/auth/callback/CallbackHandler done
Event: 3.359 loading class javax/security/auth/Subject
Event: 3.359 loading class javax/security/auth/Subject done
Event: 3.372 Loaded shared library C:\Program Files\Java\jdk-17\bin\sunmscapi.dll
Event: 3.373 loading class sun/security/provider/certpath/ldap/JdkLDAP
Event: 3.374 loading class sun/security/provider/certpath/ldap/JdkLDAP done
Event: 3.374 loading class sun/security/provider/certpath/ldap/JdkLDAP$ProviderService
Event: 3.375 loading class sun/security/provider/certpath/ldap/JdkLDAP$ProviderService done
Event: 3.375 loading class com/sun/security/sasl/Provider
Event: 3.375 loading class com/sun/security/sasl/Provider done
Event: 3.376 loading class com/sun/security/sasl/Provider$1
Event: 3.380 loading class com/sun/security/sasl/Provider$1 done
Event: 3.380 loading class com/sun/security/sasl/Provider$ProviderService
Event: 3.380 loading class com/sun/security/sasl/Provider$ProviderService done
Event: 3.393 Thread 0x000001a76a79b310 Thread exited: 0x000001a76a79b310
Event: 3.818 loading class java/lang/UnsupportedClassVersionError
Event: 3.818 loading class java/lang/ClassFormatError
Event: 3.818 loading class java/lang/ClassFormatError done
Event: 3.818 loading class java/lang/UnsupportedClassVersionError done


Dynamic libraries:
0x00007ff73ed30000 - 0x00007ff73ed40000 	C:\Program Files\Java\jdk-17\bin\java.exe
0x00007ff922170000 - 0x00007ff922368000 	C:\Windows\SYSTEM32\ntdll.dll
0x00007ff9216f0000 - 0x00007ff9217b2000 	C:\Windows\System32\KERNEL32.DLL
0x00007ff91fe10000 - 0x00007ff920106000 	C:\Windows\System32\KERNELBASE.dll
0x00007ff91fd10000 - 0x00007ff91fe10000 	C:\Windows\System32\ucrtbase.dll
0x00007ff90c790000 - 0x00007ff90c7ab000 	C:\Program Files\Java\jdk-17\bin\VCRUNTIME140.dll
0x00007ff919d30000 - 0x00007ff919d49000 	C:\Program Files\Java\jdk-17\bin\jli.dll
0x00007ff9207f0000 - 0x00007ff9208a1000 	C:\Windows\System32\ADVAPI32.dll
0x00007ff920460000 - 0x00007ff9204fe000 	C:\Windows\System32\msvcrt.dll
0x00007ff921d30000 - 0x00007ff921dcf000 	C:\Windows\System32\sechost.dll
0x00007ff9206d0000 - 0x00007ff9207f0000 	C:\Windows\System32\RPCRT4.dll
0x00007ff91fa30000 - 0x00007ff91fa57000 	C:\Windows\System32\bcrypt.dll
0x00007ff920190000 - 0x00007ff920331000 	C:\Windows\System32\USER32.dll
0x00007ff91fce0000 - 0x00007ff91fd02000 	C:\Windows\System32\win32u.dll
0x00007ff920920000 - 0x00007ff92094b000 	C:\Windows\System32\GDI32.dll
0x00007ff91fbc0000 - 0x00007ff91fcd9000 	C:\Windows\System32\gdi32full.dll
0x00007ff91f800000 - 0x00007ff91f89d000 	C:\Windows\System32\msvcp_win.dll
0x00007ff8fe370000 - 0x00007ff8fe60b000 	C:\Windows\WinSxS\amd64_microsoft.windows.common-controls_6595b64144ccf1df_6.0.19041.6456_none_60b8a6cb71f64256\COMCTL32.dll
0x00007ff9160e0000 - 0x00007ff9160ea000 	C:\Windows\SYSTEM32\VERSION.dll
0x00007ff9216c0000 - 0x00007ff9216ef000 	C:\Windows\System32\IMM32.DLL
0x00007ff90c780000 - 0x00007ff90c78c000 	C:\Program Files\Java\jdk-17\bin\vcruntime140_1.dll
0x00007ff8ec740000 - 0x00007ff8ec7ce000 	C:\Program Files\Java\jdk-17\bin\msvcp140.dll
0x00007ff8c1a00000 - 0x00007ff8c25e0000 	C:\Program Files\Java\jdk-17\bin\server\jvm.dll
0x00007ff921840000 - 0x00007ff921848000 	C:\Windows\System32\PSAPI.DLL
0x00007ff9160f0000 - 0x00007ff916117000 	C:\Windows\SYSTEM32\WINMM.dll
0x00007ff903dc0000 - 0x00007ff903dc9000 	C:\Windows\SYSTEM32\WSOCK32.dll
0x00007ff9208b0000 - 0x00007ff92091b000 	C:\Windows\System32\WS2_32.dll
0x00007ff91d650000 - 0x00007ff91d662000 	C:\Windows\SYSTEM32\kernel.appcore.dll
0x00007ff8fd0a0000 - 0x00007ff8fd0aa000 	C:\Program Files\Java\jdk-17\bin\jimage.dll
0x00007ff909ec0000 - 0x00007ff90a0c1000 	C:\Windows\SYSTEM32\DBGHELP.DLL
0x00007ff909e80000 - 0x00007ff909eb4000 	C:\Windows\SYSTEM32\dbgcore.DLL
0x00007ff91f8a0000 - 0x00007ff91f922000 	C:\Windows\System32\bcryptPrimitives.dll
0x00007ff90c470000 - 0x00007ff90c495000 	C:\Program Files\Java\jdk-17\bin\java.dll
0x00007ff8ed490000 - 0x00007ff8ed567000 	C:\Program Files\Java\jdk-17\bin\jsvml.dll
0x00007ff920f50000 - 0x00007ff9216c0000 	C:\Windows\System32\SHELL32.dll
0x00007ff91d870000 - 0x00007ff91e015000 	C:\Windows\SYSTEM32\windows.storage.dll
0x00007ff921dd0000 - 0x00007ff922124000 	C:\Windows\System32\combase.dll
0x00007ff91f1c0000 - 0x00007ff91f1eb000 	C:\Windows\SYSTEM32\Wldp.dll
0x00007ff921c60000 - 0x00007ff921d2d000 	C:\Windows\System32\OLEAUT32.dll
0x00007ff9203a0000 - 0x00007ff92044d000 	C:\Windows\System32\SHCORE.dll
0x00007ff920950000 - 0x00007ff9209ab000 	C:\Windows\System32\shlwapi.dll
0x00007ff91f730000 - 0x00007ff91f754000 	C:\Windows\SYSTEM32\profapi.dll
0x00007ff8fd080000 - 0x00007ff8fd099000 	C:\Program Files\Java\jdk-17\bin\net.dll
0x00007ff91c8c0000 - 0x00007ff91c9ca000 	C:\Windows\SYSTEM32\WINHTTP.dll
0x00007ff91ef20000 - 0x00007ff91ef8a000 	C:\Windows\system32\mswsock.dll
0x00007ff8f9150000 - 0x00007ff8f9166000 	C:\Program Files\Java\jdk-17\bin\nio.dll
0x00007ff8f7800000 - 0x00007ff8f7818000 	C:\Program Files\Java\jdk-17\bin\zip.dll
0x00007ff8f5470000 - 0x00007ff8f547a000 	C:\Program Files\Java\jdk-17\bin\management.dll
0x00007ff8f5460000 - 0x00007ff8f546b000 	C:\Program Files\Java\jdk-17\bin\management_ext.dll
0x00007ff8f5450000 - 0x00007ff8f545e000 	C:\Program Files\Java\jdk-17\bin\sunmscapi.dll
0x00007ff91fa60000 - 0x00007ff91fbbd000 	C:\Windows\System32\CRYPT32.dll
0x00007ff91f250000 - 0x00007ff91f277000 	C:\Windows\SYSTEM32\ncrypt.dll
0x00007ff91f210000 - 0x00007ff91f24b000 	C:\Windows\SYSTEM32\NTASN1.dll

dbghelp: loaded successfully - version: 4.0.5 - missing functions: none
symbol engine: initialized successfully - sym options: 0x614 - pdb path: .;C:\Program Files\Java\jdk-17\bin;C:\Windows\SYSTEM32;C:\Windows\WinSxS\amd64_microsoft.windows.common-controls_6595b64144ccf1df_6.0.19041.6456_none_60b8a6cb71f64256;C:\Program Files\Java\jdk-17\bin\server

VM Arguments:
java_command: C:\Users\prvj1\AppData\Local\Temp\surefire5575021051725261282\surefirebooter-20251231154346096_3.jar C:\Users\prvj1\AppData\Local\Temp\surefire5575021051725261282 2025-12-31T15-43-45_863-jvmRun1 surefire-20251231154346096_1tmp surefire_0-20251231154346096_2tmp
java_class_path (initial): C:\Users\prvj1\AppData\Local\Temp\surefire5575021051725261282\surefirebooter-20251231154346096_3.jar
Launcher Type: SUN_STANDARD

[Global flags]
     intx CICompilerCount                          = 3                                         {product} {ergonomic}
     uint ConcGCThreads                            = 1                                         {product} {ergonomic}
     uint G1ConcRefinementThreads                  = 4                                         {product} {ergonomic}
   size_t G1HeapRegionSize                         = 1048576                                   {product} {ergonomic}
    uintx GCDrainStackTargetSize                   = 64                                        {product} {ergonomic}
   size_t InitialHeapSize                          = 123731968                                 {product} {ergonomic}
   size_t MarkStackSize                            = 4194304                                   {product} {ergonomic}
   size_t MaxHeapSize                              = 1977614336                                {product} {ergonomic}
   size_t MaxNewSize                               = 1185939456                                {product} {ergonomic}
   size_t MinHeapDeltaBytes                        = 1048576                                   {product} {ergonomic}
   size_t MinHeapSize                              = 8388608                                   {product} {ergonomic}
    uintx NonNMethodCodeHeapSize                   = 5832780                                {pd product} {ergonomic}
    uintx NonProfiledCodeHeapSize                  = 122912730                              {pd product} {ergonomic}
    uintx ProfiledCodeHeapSize                     = 122912730                              {pd product} {ergonomic}
    uintx ReservedCodeCacheSize                    = 251658240                              {pd product} {ergonomic}
     bool SegmentedCodeCache                       = true                                      {product} {ergonomic}
   size_t SoftMaxHeapSize                          = 1977614336                             {manageable} {ergonomic}
     bool UseCompressedClassPointers               = true                           {product lp64_product} {ergonomic}
     bool UseCompressedOops                        = true                           {product lp64_product} {ergonomic}
     bool UseG1GC                                  = true                                      {product} {ergonomic}
     bool UseLargePagesIndividualAllocation        = false                                  {pd product} {ergonomic}

Logging:
Log output configuration:
 #0: stdout all=warning uptime,level,tags
 #1: stderr all=off uptime,level,tags

Environment Variables:
JAVA_HOME=C:\Program Files\Java\jdk-17
PATH=C:\oracle-installer\WINDOWS.X64_193000_db_home\bin;C:\Program Files\Common Files\Oracle\Java\javapath;C:\Windows\system32;C:\Windows;C:\Windows\System32\Wbem;C:\Windows\System32\WindowsPowerShell\v1.0\;C:\Windows\System32\OpenSSH\;C:\Users\prvj1\AppData\Local\Microsoft\WindowsApps;
USERNAME=prvj1
OS=Windows_NT
PROCESSOR_IDENTIFIER=AMD64 Family 23 Model 96 Stepping 1, AuthenticAMD



---------------  S Y S T E M  ---------------

OS:
 Windows 10 , 64 bit Build 19041 (10.0.19041.5915)
OS uptime: 0 days 5:54 hours

CPU: total 4 (initial active 4) (4 cores per cpu, 1 threads per core) family 23 model 96 stepping 1 microcode 0x0, cx8, cmov, fxsr, mmx, 3dnowpref, sse, sse2, sse3, ssse3, sse4a, sse4.1, sse4.2, popcnt, lzcnt, tsc, tscinvbit, avx, avx2, aes, clmul, bmi1, bmi2, adx, sha, fma, vzeroupper, clflush, clflushopt

Memory: 4k page, system-wide physical 7540M (457M free)
TotalPageFile size 11540M (AvailPageFile size 39M)
current process WorkingSet (physical memory assigned to process): 185M, peak: 197M
current process commit charge ("private bytes"): 222M, peak: 276M

vm_info: Java HotSpot(TM) 64-Bit Server VM (17.0.12+8-LTS-286) for windows-amd64 JRE (17.0.12+8-LTS-286), built on Jun  5 2024 06:46:59 by "mach5one" with MS VC++ 17.6 (VS2022)

END.
