#
# There is insufficient memory for the Java Runtime Environment to continue.
# Native memory allocation (mmap) failed to map 123731968 bytes for G1 virtual space
# Possible reasons:
#   The system is out of physical RAM or swap space
#   The process is running with CompressedOops enabled, and the Java Heap may be blocking the growth of the native heap
# Possible solutions:
#   Reduce memory load on the system
#   Increase physical memory or swap space
#   Check if swap backing store is full
#   Decrease Java heap size (-Xmx/-Xms)
#   Decrease number of Java threads
#   Decrease Java thread stack sizes (-Xss)
#   Set larger code cache with -XX:ReservedCodeCacheSize=
#   JVM is running with Unscaled Compressed Oops mode in which the Java heap is
#     placed in the first 4GB address space. The Java Heap base address is the
#     maximum limit for the native heap growth. Please use -XX:HeapBaseMinAddress
#     to set the Java Heap base and to place the Java Heap above 4GB virtual address.
# This output file may be truncated or incomplete.
#
#  Out of Memory Error (os_windows.cpp:3548), pid=13284, tid=7312
#
# JRE version:  (17.0.12+8) (build )
# Java VM: Java HotSpot(TM) 64-Bit Server VM (17.0.12+8-LTS-286, mixed mode, sharing, tiered, compressed oops, compressed class ptrs, g1 gc, windows-amd64)
# No core dump will be written. Minidumps are not enabled by default on client versions of Windows
#

---------------  S U M M A R Y ------------

Command Line: -Dnet.bytebuddy.agent.attacher.dump= net.bytebuddy.agent.Attacher com.sun.tools.attach.VirtualMachine 5620 C:\Users\prvj1\.m2\repository\net\bytebuddy\byte-buddy-agent\1.17.8\byte-buddy-agent-1.17.8.jar false 

Host: AMD Ryzen 3 4300U with Radeon Graphics         , 4 cores, 7G,  Windows 10 , 64 bit Build 19041 (10.0.19041.5915)
Time: Wed Dec 31 15:45:55 2025 Hora estándar central (México) elapsed time: 0.010162 seconds (0d 0h 0m 0s)

---------------  T H R E A D  ---------------

Current thread (0x000001ec8c7a3790):  JavaThread "Unknown thread" [_thread_in_vm, id=7312, stack(0x000000b424900000,0x000000b424a00000)]

Stack: [0x000000b424900000,0x000000b424a00000]
Native frames: (J=compiled Java code, j=interpreted, Vv=VM code, C=native code)
V  [jvm.dll+0x67a04a]
V  [jvm.dll+0x7da4ed]
V  [jvm.dll+0x7dbe33]
V  [jvm.dll+0x7dc4a3]
V  [jvm.dll+0x24508f]
V  [jvm.dll+0x677089]
V  [jvm.dll+0x66bd32]
V  [jvm.dll+0x301fa6]
V  [jvm.dll+0x309546]
V  [jvm.dll+0x359d2e]
V  [jvm.dll+0x359f5f]
V  [jvm.dll+0x2d9078]
V  [jvm.dll+0x2d9fe4]
V  [jvm.dll+0x7aca21]
V  [jvm.dll+0x367591]
V  [jvm.dll+0x78b999]
V  [jvm.dll+0x3ec83f]
V  [jvm.dll+0x3ee471]
C  [jli.dll+0x5297]
C  [ucrtbase.dll+0x21bb2]
C  [KERNEL32.DLL+0x17374]
C  [ntdll.dll+0x4cc91]


---------------  P R O C E S S  ---------------

Threads class SMR info:
_java_thread_list=0x00007ff8c24b7a18, length=0, elements={
}

Java Threads: ( => current thread )

Other Threads:
  0x000001ec8c7fb850 GCTaskThread "GC Thread#0" [stack: 0x000000b424a00000,0x000000b424b00000] [id=812]
  0x000001ec8c80b360 ConcurrentGCThread "G1 Main Marker" [stack: 0x000000b424b00000,0x000000b424c00000] [id=2264]
  0x000001ec8c80bd70 ConcurrentGCThread "G1 Conc#0" [stack: 0x000000b424c00000,0x000000b424d00000] [id=11664]

[error occurred during error reporting (printing all threads), id 0xc0000005, EXCEPTION_ACCESS_VIOLATION (0xc0000005) at pc=0x00007ff8c1ce9b67]

VM state: not at safepoint (not fully initialized)

VM Mutex/Monitor currently owned by a thread:  ([mutex/lock_event])
[0x000001ec8c79ef40] Heap_lock - owner thread: 0x000001ec8c7a3790

Heap address: 0x000000008a200000, size: 1886 MB, Compressed Oops mode: 32-bit

CDS archive(s) mapped at: [0x0000000000000000-0x0000000000000000-0x0000000000000000), size 0, SharedBaseAddress: 0x0000000800000000, ArchiveRelocationMode: 1.
Narrow klass base: 0x0000000000000000, Narrow klass shift: 0, Narrow klass range: 0x0

GC Precious Log:
<Empty>

Heap:
 garbage-first heap   total 0K, used 0K [0x000000008a200000, 0x0000000100000000)
  region size 1024K, 0 young (0K), 0 survivors (0K)

[error occurred during error reporting (printing heap information), id 0xc0000005, EXCEPTION_ACCESS_VIOLATION (0xc0000005) at pc=0x00007ff8c20d3859]

GC Heap History (0 events):
No events

Deoptimization events (0 events):
No events

Classes unloaded (0 events):
No events

Classes redefined (0 events):
No events

Internal exceptions (0 events):
No events

VM Operations (0 events):
No events

Events (1 events):
Event: 0.006 Loaded shared library C:\Program Files\Java\jdk-17\bin\java.dll


Dynamic libraries:
0x00007ff73ed30000 - 0x00007ff73ed40000 	C:\Program Files\Java\jdk-17\bin\java.exe
0x00007ff922170000 - 0x00007ff922368000 	C:\Windows\SYSTEM32\ntdll.dll
0x00007ff9216f0000 - 0x00007ff9217b2000 	C:\Windows\System32\KERNEL32.DLL
0x00007ff91fe10000 - 0x00007ff920106000 	C:\Windows\System32\KERNELBASE.dll
0x00007ff91fd10000 - 0x00007ff91fe10000 	C:\Windows\System32\ucrtbase.dll
0x00007ff90c790000 - 0x00007ff90c7ab000 	C:\Program Files\Java\jdk-17\bin\VCRUNTIME140.dll
0x00007ff919d30000 - 0x00007ff919d49000 	C:\Program Files\Java\jdk-17\bin\jli.dll
0x00007ff9207f0000 - 0x00007ff9208a1000 	C:\Windows\System32\ADVAPI32.dll
0x00007ff920460000 - 0x00007ff9204fe000 	C:\Windows\System32\msvcrt.dll
0x00007ff921d30000 - 0x00007ff921dcf000 	C:\Windows\System32\sechost.dll
0x00007ff9206d0000 - 0x00007ff9207f0000 	C:\Windows\System32\RPCRT4.dll
0x00007ff91fa30000 - 0x00007ff91fa57000 	C:\Windows\System32\bcrypt.dll
0x00007ff920190000 - 0x00007ff920331000 	C:\Windows\System32\USER32.dll
0x00007ff91fce0000 - 0x00007ff91fd02000 	C:\Windows\System32\win32u.dll
0x00007ff920920000 - 0x00007ff92094b000 	C:\Windows\System32\GDI32.dll
0x00007ff91fbc0000 - 0x00007ff91fcd9000 	C:\Windows\System32\gdi32full.dll
0x00007ff91f800000 - 0x00007ff91f89d000 	C:\Windows\System32\msvcp_win.dll
0x00007ff8fe370000 - 0x00007ff8fe60b000 	C:\Windows\WinSxS\amd64_microsoft.windows.common-controls_6595b64144ccf1df_6.0.19041.6456_none_60b8a6cb71f64256\COMCTL32.dll
0x00007ff9160e0000 - 0x00007ff9160ea000 	C:\Windows\SYSTEM32\VERSION.dll
0x00007ff9216c0000 - 0x00007ff9216ef000 	C:\Windows\System32\IMM32.DLL
0x00007ff90c780000 - 0x00007ff90c78c000 	C:\Program Files\Java\jdk-17\bin\vcruntime140_1.dll
0x00007ff8ec740000 - 0x00007ff8ec7ce000 	C:\Program Files\Java\jdk-17\bin\msvcp140.dll
0x00007ff8c1a00000 - 0x00007ff8c25e0000 	C:\Program Files\Java\jdk-17\bin\server\jvm.dll
0x00007ff921840000 - 0x00007ff921848000 	C:\Windows\System32\PSAPI.DLL
0x00007ff903dc0000 - 0x00007ff903dc9000 	C:\Windows\SYSTEM32\WSOCK32.dll
0x00007ff9160f0000 - 0x00007ff916117000 	C:\Windows\SYSTEM32\WINMM.dll
0x00007ff9208b0000 - 0x00007ff92091b000 	C:\Windows\System32\WS2_32.dll
0x00007ff91d650000 - 0x00007ff91d662000 	C:\Windows\SYSTEM32\kernel.appcore.dll
0x00007ff8fd0a0000 - 0x00007ff8fd0aa000 	C:\Program Files\Java\jdk-17\bin\jimage.dll
0x00007ff909ec0000 - 0x00007ff90a0c1000 	C:\Windows\SYSTEM32\DBGHELP.DLL
0x00007ff909e80000 - 0x00007ff909eb4000 	C:\Windows\SYSTEM32\dbgcore.DLL
0x00007ff91f8a0000 - 0x00007ff91f922000 	C:\Windows\System32\bcryptPrimitives.dll
0x00007ff90c470000 - 0x00007ff90c495000 	C:\Program Files\Java\jdk-17\bin\java.dll

dbghelp: loaded successfully - version: 4.0.5 - missing functions: none
symbol engine: initialized successfully - sym options: 0x614 - pdb path: .;C:\Program Files\Java\jdk-17\bin;C:\Windows\SYSTEM32;C:\Windows\WinSxS\amd64_microsoft.windows.common-controls_6595b64144ccf1df_6.0.19041.6456_none_60b8a6cb71f64256;C:\Program Files\Java\jdk-17\bin\server

VM Arguments:
jvm_args: -Dnet.bytebuddy.agent.attacher.dump= 
java_command: net.bytebuddy.agent.Attacher com.sun.tools.attach.VirtualMachine 5620 C:\Users\prvj1\.m2\repository\net\bytebuddy\byte-buddy-agent\1.17.8\byte-buddy-agent-1.17.8.jar false 
java_class_path (initial): C:\Users\prvj1\.m2\repository\net\bytebuddy\byte-buddy-agent\1.17.8\byte-buddy-agent-1.17.8.jar
Launcher Type: SUN_STANDARD

[Global flags]
     intx CICompilerCount                          = 3                                         {product} {ergonomic}
     uint ConcGCThreads                            = 1                                         {product} {ergonomic}
     uint G1ConcRefinementThreads                  = 4                                         {product} {ergonomic}
   size_t G1HeapRegionSize                         = 1048576                                   {product} {ergonomic}
    uintx GCDrainStackTargetSize                   = 64                                        {product} {ergonomic}
   size_t InitialHeapSize                          = 123731968                                 {product} {ergonomic}
   size_t MarkStackSize                            = 4194304                                   {product} {ergonomic}
   size_t MaxHeapSize                              = 1977614336                                {product} {ergonomic}
   size_t MinHeapDeltaBytes                        = 1048576                                   {product} {ergonomic}
   size_t MinHeapSize                              = 8388608                                   {product} {ergonomic}
    uintx NonNMethodCodeHeapSize                   = 5832780                                {pd product} {ergonomic}
    uintx NonProfiledCodeHeapSize                  = 122912730                              {pd product} {ergonomic}
    uintx ProfiledCodeHeapSize                     = 122912730                              {pd product} {ergonomic}
    uintx ReservedCodeCacheSize                    = 251658240                              {pd product} {ergonomic}
     bool SegmentedCodeCache                       = true                                      {product} {ergonomic}
   size_t SoftMaxHeapSize                          = 1977614336                             {manageable} {ergonomic}
     bool UseCompressedClassPointers               = true                           {product lp64_product} {ergonomic}
     bool UseCompressedOops                        = true                           {product lp64_product} {ergonomic}
     bool UseG1GC                                  = true                                      {product} {ergonomic}
     bool UseLargePagesIndividualAllocation        = false                                  {pd product} {ergonomic}

Logging:
Log output configuration:
 #0: stdout all=warning uptime,level,tags
 #1: stderr all=off uptime,level,tags

Environment Variables:
JAVA_HOME=C:\Program Files\Java\jdk-17
PATH=C:\oracle-installer\WINDOWS.X64_193000_db_home\bin;C:\Program Files\Common Files\Oracle\Java\javapath;C:\Windows\system32;C:\Windows;C:\Windows\System32\Wbem;C:\Windows\System32\WindowsPowerShell\v1.0\;C:\Windows\System32\OpenSSH\;C:\Users\prvj1\AppData\Local\Microsoft\WindowsApps;
USERNAME=prvj1
OS=Windows_NT
PROCESSOR_IDENTIFIER=AMD64 Family 23 Model 96 Stepping 1, AuthenticAMD



---------------  S Y S T E M  ---------------

OS:
 Windows 10 , 64 bit Build 19041 (10.0.19041.5915)
OS uptime: 0 days 5:56 hours

CPU: total 4 (initial active 4) (4 cores per cpu, 1 threads per core) family 23 model 96 stepping 1 microcode 0x0, cx8, cmov, fxsr, mmx, 3dnowpref, sse, sse2, sse3, ssse3, sse4a, sse4.1, sse4.2, popcnt, lzcnt, tsc, tscinvbit, avx, avx2, aes, clmul, bmi1, bmi2, adx, sha, fma, vzeroupper, clflush, clflushopt

Memory: 4k page, system-wide physical 7540M (389M free)
TotalPageFile size 11540M (AvailPageFile size 38M)
current process WorkingSet (physical memory assigned to process): 10M, peak: 10M
current process commit charge ("private bytes"): 51M, peak: 169M

vm_info: Java HotSpot(TM) 64-Bit Server VM (17.0.12+8-LTS-286) for windows-amd64 JRE (17.0.12+8-LTS-286), built on Jun  5 2024 06:46:59 by "mach5one" with MS VC++ 17.6 (VS2022)

END.
